TN:
SF:(app-pages-browser)/node_modules/next/dist/client/add-base-path.js
FN:7,(anonymous)
FN:14,addBasePath
FN:29,(anonymous)
FN:49,(anonymous)
FNF:4
FNH:2
FNDA:2,(anonymous)
FNDA:0,addBasePath
FNDA:1,(anonymous)
FNDA:0,(anonymous)
DA:2,1
DA:3,1
DA:4,1
DA:5,1
DA:6,1
DA:7,2
DA:8,2
DA:9,2
DA:10,1
DA:11,1
DA:12,1
DA:13,1
DA:14,0
DA:15,0
DA:16,0
DA:17,1
DA:18,0
DA:19,0
DA:20,0
DA:21,0
DA:22,0
DA:23,1
DA:26,1
DA:28,1
DA:29,1
DA:30,1
DA:34,1
DA:36,1
DA:38,1
DA:40,1
DA:43,1
DA:46,1
DA:49,0
DA:50,0
DA:51,0
DA:52,0
DA:56,0
DA:60,0
DA:68,0
DA:69,0
DA:70,0
DA:71,0
DA:72,0
DA:73,0
DA:74,0
DA:75,0
DA:76,1
DA:81,1
DA:82,1
DA:83,0
DA:84,0
DA:85,1
DA:86,1
DA:87,1
LF:54
LH:30
BRDA:15,0,0,0
BRDA:15,0,1,0
BRDA:34,1,0,1
BRDA:34,1,1,1
BRDA:36,2,0,1
BRDA:36,2,1,0
BRDA:40,3,0,1
BRDA:40,3,1,1
BRDA:40,4,0,1
BRDA:40,4,1,1
BRDA:40,5,0,1
BRDA:40,5,1,0
BRDA:40,6,0,0
BRDA:40,6,1,1
BRDA:46,7,0,0
BRDA:46,7,1,1
BRDA:60,8,0,0
BRDA:60,8,1,0
BRDA:68,9,0,0
BRDA:68,9,1,0
BRDA:82,10,0,0
BRDA:82,10,1,1
BRF:22
BRH:11
end_of_record
TN:
SF:(app-pages-browser)/node_modules/next/dist/client/app-bootstrap.js
FN:12,(anonymous)
FN:21,loadScriptsInSequence
FN:25,(anonymous)
FN:27,(anonymous)
FN:28,(anonymous)
FN:39,(anonymous)
FN:48,(anonymous)
FN:51,(anonymous)
FN:55,appBootstrap
FN:56,(anonymous)
FN:72,(anonymous)
FN:92,(anonymous)
FNF:12
FNH:8
FNDA:3,(anonymous)
FNDA:1,loadScriptsInSequence
FNDA:0,(anonymous)
FNDA:1,(anonymous)
FNDA:1,(anonymous)
FNDA:1,(anonymous)
FNDA:0,(anonymous)
FNDA:0,(anonymous)
FNDA:1,appBootstrap
FNDA:1,(anonymous)
FNDA:1,(anonymous)
FNDA:0,(anonymous)
DA:6,1
DA:7,1
DA:8,1
DA:9,1
DA:10,1
DA:11,1
DA:12,3
DA:13,3
DA:14,3
DA:15,1
DA:16,1
DA:17,1
DA:18,1
DA:19,1
DA:20,1
DA:21,1
DA:22,1
DA:23,1
DA:24,1
DA:25,0
DA:26,0
DA:27,0
DA:28,0
DA:29,0
DA:30,0
DA:31,0
DA:32,0
DA:33,0
DA:34,0
DA:35,0
DA:36,0
DA:37,0
DA:38,0
DA:39,0
DA:40,0
DA:41,0
DA:42,0
DA:43,0
DA:44,0
DA:45,0
DA:46,0
DA:47,0
DA:48,0
DA:49,0
DA:51,0
DA:52,0
DA:53,0
DA:54,1
DA:55,1
DA:56,1
DA:57,1
DA:58,1
DA:59,1
DA:60,1
DA:61,0
DA:62,0
DA:63,0
DA:64,0
DA:65,0
DA:66,1
DA:69,1
DA:71,1
DA:72,1
DA:73,1
DA:77,1
DA:79,1
DA:81,1
DA:83,1
DA:86,1
DA:89,1
DA:92,0
DA:93,0
DA:94,0
DA:95,0
DA:99,0
DA:103,0
DA:111,0
DA:112,0
DA:113,0
DA:114,0
DA:115,0
DA:116,0
DA:117,0
DA:118,0
DA:119,1
DA:124,1
DA:125,1
DA:126,0
DA:127,0
DA:128,1
DA:129,1
DA:130,1
LF:92
LH:43
BRDA:22,0,0,1
BRDA:22,0,1,0
BRDA:22,1,0,1
BRDA:22,1,1,0
BRDA:30,2,0,0
BRDA:30,2,1,0
BRDA:32,3,0,0
BRDA:32,3,1,0
BRDA:37,4,0,0
BRDA:37,4,1,0
BRDA:41,5,0,0
BRDA:41,5,1,0
BRDA:77,6,0,1
BRDA:77,6,1,1
BRDA:79,7,0,1
BRDA:79,7,1,0
BRDA:83,8,0,1
BRDA:83,8,1,1
BRDA:83,9,0,1
BRDA:83,9,1,1
BRDA:83,10,0,1
BRDA:83,10,1,0
BRDA:83,11,0,0
BRDA:83,11,1,1
BRDA:89,12,0,0
BRDA:89,12,1,1
BRDA:103,13,0,0
BRDA:103,13,1,0
BRDA:111,14,0,0
BRDA:111,14,1,0
BRDA:125,15,0,0
BRDA:125,15,1,1
BRF:32
BRH:13
end_of_record
TN:
SF:(app-pages-browser)/node_modules/next/dist/client/app-call-server.js
FN:7,(anonymous)
FN:12,callServer
FN:17,(anonymous)
FN:38,(anonymous)
FN:58,(anonymous)
FNF:5
FNH:2
FNDA:3,(anonymous)
FNDA:0,callServer
FNDA:0,(anonymous)
FNDA:1,(anonymous)
FNDA:0,(anonymous)
DA:2,1
DA:3,1
DA:4,1
DA:5,1
DA:6,1
DA:7,3
DA:8,3
DA:9,3
DA:10,1
DA:11,1
DA:12,0
DA:13,0
DA:14,0
DA:15,0
DA:16,0
DA:17,0
DA:18,0
DA:19,0
DA:20,0
DA:21,0
DA:22,0
DA:23,0
DA:24,0
DA:25,0
DA:26,1
DA:27,0
DA:28,0
DA:29,0
DA:30,0
DA:31,0
DA:32,1
DA:35,1
DA:37,1
DA:38,1
DA:39,1
DA:43,1
DA:45,1
DA:47,1
DA:49,1
DA:52,1
DA:55,1
DA:58,0
DA:59,0
DA:60,0
DA:61,0
DA:65,0
DA:69,0
DA:77,0
DA:78,0
DA:79,0
DA:80,0
DA:81,0
DA:82,0
DA:83,0
DA:84,0
DA:85,1
DA:90,1
DA:91,1
DA:92,0
DA:93,0
DA:94,1
DA:95,1
DA:96,1
LF:63
LH:28
BRDA:14,0,0,0
BRDA:14,0,1,0
BRDA:43,1,0,1
BRDA:43,1,1,1
BRDA:45,2,0,1
BRDA:45,2,1,0
BRDA:49,3,0,1
BRDA:49,3,1,1
BRDA:49,4,0,1
BRDA:49,4,1,1
BRDA:49,5,0,1
BRDA:49,5,1,0
BRDA:49,6,0,0
BRDA:49,6,1,1
BRDA:55,7,0,0
BRDA:55,7,1,1
BRDA:69,8,0,0
BRDA:69,8,1,0
BRDA:77,9,0,0
BRDA:77,9,1,0
BRDA:91,10,0,0
BRDA:91,10,1,1
BRF:22
BRH:11
end_of_record
TN:
SF:(app-pages-browser)/node_modules/next/dist/client/app-index.js
FN:7,(anonymous)
FN:26,(anonymous)
FN:35,(anonymous)
FN:49,nextServerDataCallback
FN:71,nextServerDataRegisterWriter
FN:73,(anonymous)
FN:85,(anonymous)
FN:104,(anonymous)
FN:111,ServerRoot
FN:116,Root
FN:124,hydrate
FN:159,(anonymous)
FN:174,(anonymous)
FN:181,(anonymous)
FN:197,(anonymous)
FN:224,(anonymous)
FN:244,(anonymous)
FNF:17
FNH:11
FNDA:3,(anonymous)
FNDA:0,(anonymous)
FNDA:0,(anonymous)
FNDA:6,nextServerDataCallback
FNDA:1,nextServerDataRegisterWriter
FNDA:4,(anonymous)
FNDA:1,(anonymous)
FNDA:1,(anonymous)
FNDA:2,ServerRoot
FNDA:2,Root
FNDA:1,hydrate
FNDA:0,(anonymous)
FNDA:0,(anonymous)
FNDA:0,(anonymous)
FNDA:1,(anonymous)
FNDA:1,(anonymous)
FNDA:0,(anonymous)
DA:2,1
DA:3,1
DA:4,1
DA:5,1
DA:6,1
DA:7,3
DA:8,3
DA:9,3
DA:10,1
DA:11,1
DA:12,1
DA:13,1
DA:14,1
DA:15,1
DA:16,1
DA:17,1
DA:18,1
DA:19,1
DA:20,1
DA:21,1
DA:22,1
DA:23,1
DA:25,1
DA:26,1
DA:27,0
DA:28,0
DA:29,0
DA:30,0
DA:31,0
DA:32,0
DA:33,0
DA:34,1
DA:35,1
DA:36,0
DA:37,0
DA:38,0
DA:39,0
DA:40,1
DA:42,1
DA:43,1
DA:44,1
DA:45,1
DA:46,1
DA:47,1
DA:48,1
DA:49,6
DA:50,1
DA:51,1
DA:52,4
DA:53,4
DA:54,4
DA:55,0
DA:56,4
DA:57,4
DA:58,4
DA:59,1
DA:60,1
DA:61,1
DA:62,6
DA:71,1
DA:72,1
DA:73,4
DA:74,4
DA:75,4
DA:76,1
DA:77,1
DA:78,1
DA:79,1
DA:80,1
DA:81,1
DA:82,1
DA:83,1
DA:85,1
DA:86,1
DA:87,0
DA:88,0
DA:89,0
DA:90,0
DA:91,1
DA:92,1
DA:93,1
DA:95,1
DA:96,0
DA:97,1
DA:98,1
DA:99,1
DA:100,1
DA:101,1
DA:102,1
DA:103,1
DA:104,1
DA:105,1
DA:106,1
DA:107,1
DA:108,1
DA:109,1
DA:110,1
DA:111,2
DA:112,2
DA:113,2
DA:114,1
DA:115,1
DA:116,2
DA:117,2
DA:119,2
DA:120,2
DA:121,2
DA:122,2
DA:123,1
DA:124,1
DA:125,1
DA:126,1
DA:127,1
DA:128,1
DA:129,1
DA:130,1
DA:131,1
DA:132,1
DA:133,1
DA:134,1
DA:135,1
DA:136,1
DA:137,1
DA:138,1
DA:139,1
DA:140,1
DA:141,1
DA:142,1
DA:143,1
DA:144,1
DA:145,1
DA:147,1
DA:148,1
DA:149,1
DA:150,1
DA:151,1
DA:152,1
DA:153,0
DA:156,0
DA:157,0
DA:158,0
DA:159,0
DA:160,0
DA:161,0
DA:162,0
DA:163,0
DA:164,0
DA:165,0
DA:166,0
DA:167,0
DA:168,0
DA:169,0
DA:170,0
DA:171,0
DA:172,0
DA:173,0
DA:174,0
DA:175,0
DA:176,0
DA:177,0
DA:178,0
DA:179,0
DA:181,0
DA:182,0
DA:183,0
DA:184,0
DA:185,0
DA:186,0
DA:187,0
DA:188,0
DA:189,0
DA:190,0
DA:191,0
DA:192,0
DA:193,0
DA:194,0
DA:195,0
DA:196,1
DA:197,1
DA:198,1
DA:199,1
DA:200,1
DA:201,1
DA:203,1
DA:204,1
DA:205,1
DA:206,1
DA:207,1
DA:208,1
DA:209,0
DA:210,0
DA:211,0
DA:212,0
DA:213,0
DA:214,1
DA:215,1
DA:216,1
DA:217,1
DA:218,1
DA:221,1
DA:223,1
DA:224,1
DA:225,1
DA:229,1
DA:231,1
DA:233,1
DA:235,1
DA:238,1
DA:241,1
DA:244,0
DA:245,0
DA:246,0
DA:247,0
DA:251,0
DA:255,0
DA:263,0
DA:264,0
DA:265,0
DA:266,0
DA:267,0
DA:268,0
DA:269,0
DA:270,0
DA:271,1
DA:276,1
DA:277,1
DA:278,0
DA:279,0
DA:280,1
DA:281,1
DA:282,1
LF:231
LH:153
BRDA:30,0,0,0
BRDA:30,0,1,0
BRDA:36,1,0,0
BRDA:36,1,1,0
BRDA:50,2,0,1
BRDA:50,2,1,5
BRDA:52,3,0,4
BRDA:52,3,1,1
BRDA:53,4,0,0
BRDA:53,4,1,4
BRDA:54,5,0,0
BRDA:54,5,1,4
BRDA:59,6,0,1
BRDA:59,6,1,0
BRDA:72,7,0,1
BRDA:72,7,1,1
BRDA:76,8,0,1
BRDA:76,8,1,1
BRDA:76,9,0,1
BRDA:76,9,1,1
BRDA:86,10,0,1
BRDA:86,10,1,0
BRDA:86,11,0,0
BRDA:86,11,1,1
BRDA:119,12,0,0
BRDA:119,12,1,2
BRDA:120,13,0,0
BRDA:120,13,1,2
BRDA:140,14,0,1
BRDA:140,14,1,0
BRDA:144,15,0,1
BRDA:144,15,1,1
BRDA:145,16,0,1
BRDA:145,16,1,0
BRDA:148,17,0,1
BRDA:148,17,1,0
BRDA:152,18,0,0
BRDA:152,18,1,1
BRDA:153,19,0,0
BRDA:153,19,1,0
BRDA:159,20,0,0
BRDA:159,20,1,0
BRDA:178,21,0,0
BRDA:178,21,1,0
BRDA:186,22,0,0
BRDA:186,22,1,0
BRDA:186,23,0,0
BRDA:186,23,1,0
BRDA:189,24,0,0
BRDA:189,24,1,0
BRDA:203,25,0,1
BRDA:203,25,1,0
BRDA:229,26,0,1
BRDA:229,26,1,1
BRDA:231,27,0,1
BRDA:231,27,1,0
BRDA:235,28,0,1
BRDA:235,28,1,1
BRDA:235,29,0,1
BRDA:235,29,1,1
BRDA:235,30,0,1
BRDA:235,30,1,0
BRDA:235,31,0,0
BRDA:235,31,1,1
BRDA:241,32,0,0
BRDA:241,32,1,1
BRDA:255,33,0,0
BRDA:255,33,1,0
BRDA:263,34,0,0
BRDA:263,34,1,0
BRDA:277,35,0,0
BRDA:277,35,1,1
BRF:72
BRH:35
end_of_record
TN:
SF:(app-pages-browser)/node_modules/next/dist/client/app-link-gc.js
FN:7,(anonymous)
FN:11,linkGc
FN:14,(anonymous)
FN:44,(anonymous)
FN:82,(anonymous)
FN:102,(anonymous)
FNF:6
FNH:4
FNDA:3,(anonymous)
FNDA:1,linkGc
FNDA:1,(anonymous)
FNDA:0,(anonymous)
FNDA:1,(anonymous)
FNDA:0,(anonymous)
DA:2,1
DA:3,1
DA:4,1
DA:5,1
DA:6,1
DA:7,3
DA:8,3
DA:9,3
DA:10,1
DA:11,1
DA:13,1
DA:14,1
DA:15,1
DA:16,1
DA:17,1
DA:18,1
DA:19,1
DA:20,1
DA:21,1
DA:22,0
DA:23,0
DA:24,0
DA:25,0
DA:26,0
DA:27,0
DA:28,0
DA:31,0
DA:32,0
DA:33,0
DA:34,0
DA:35,0
DA:36,0
DA:37,0
DA:38,0
DA:39,0
DA:44,0
DA:45,0
DA:46,0
DA:47,0
DA:48,0
DA:49,0
DA:50,0
DA:51,0
DA:52,0
DA:53,0
DA:54,0
DA:55,0
DA:56,0
DA:57,0
DA:58,1
DA:59,1
DA:60,1
DA:61,1
DA:62,1
DA:64,1
DA:65,1
DA:66,1
DA:67,1
DA:68,1
DA:69,1
DA:70,1
DA:71,0
DA:72,0
DA:73,0
DA:74,0
DA:75,0
DA:76,1
DA:79,1
DA:81,1
DA:82,1
DA:83,1
DA:87,1
DA:89,1
DA:91,1
DA:93,1
DA:96,1
DA:99,1
DA:102,0
DA:103,0
DA:104,0
DA:105,0
DA:109,0
DA:113,0
DA:121,0
DA:122,0
DA:123,0
DA:124,0
DA:125,0
DA:126,0
DA:127,0
DA:128,0
DA:129,1
DA:134,1
DA:135,1
DA:136,0
DA:137,0
DA:138,1
DA:139,1
DA:140,1
LF:99
LH:48
BRDA:13,0,0,1
BRDA:13,0,1,1
BRDA:16,1,0,1
BRDA:16,1,1,0
BRDA:18,2,0,1
BRDA:18,2,1,1
BRDA:18,3,0,1
BRDA:18,3,1,0
BRDA:21,4,0,1
BRDA:21,4,1,0
BRDA:21,5,0,0
BRDA:21,5,1,1
BRDA:23,6,0,0
BRDA:23,6,1,0
BRDA:25,7,0,0
BRDA:25,7,1,0
BRDA:31,8,0,0
BRDA:31,8,1,0
BRDA:35,9,0,0
BRDA:35,9,1,0
BRDA:35,10,0,0
BRDA:35,10,1,0
BRDA:37,11,0,0
BRDA:37,11,1,0
BRDA:39,12,0,0
BRDA:39,12,1,0
BRDA:39,13,0,0
BRDA:39,13,1,0
BRDA:48,14,0,0
BRDA:48,14,1,0
BRDA:87,15,0,1
BRDA:87,15,1,1
BRDA:89,16,0,1
BRDA:89,16,1,0
BRDA:93,17,0,1
BRDA:93,17,1,1
BRDA:93,18,0,1
BRDA:93,18,1,1
BRDA:93,19,0,1
BRDA:93,19,1,0
BRDA:93,20,0,0
BRDA:93,20,1,1
BRDA:99,21,0,0
BRDA:99,21,1,1
BRDA:113,22,0,0
BRDA:113,22,1,0
BRDA:121,23,0,0
BRDA:121,23,1,0
BRDA:135,24,0,0
BRDA:135,24,1,1
BRF:50
BRH:19
end_of_record
TN:
SF:(app-pages-browser)/node_modules/next/dist/client/app-next-dev.js
FN:8,(anonymous)
FN:25,(anonymous)
FN:45,(anonymous)
FNF:3
FNH:2
FNDA:1,(anonymous)
FNDA:1,(anonymous)
FNDA:0,(anonymous)
DA:3,1
DA:4,1
DA:5,1
DA:6,1
DA:7,1
DA:8,1
DA:9,1
DA:10,1
DA:11,1
DA:12,1
DA:13,1
DA:14,0
DA:15,0
DA:16,0
DA:17,0
DA:18,0
DA:19,1
DA:22,1
DA:24,1
DA:25,1
DA:26,1
DA:30,1
DA:32,1
DA:34,1
DA:36,1
DA:39,1
DA:42,1
DA:45,0
DA:46,0
DA:47,0
DA:48,0
DA:52,0
DA:56,0
DA:64,0
DA:65,0
DA:66,0
DA:67,0
DA:68,0
DA:69,0
DA:70,0
DA:71,0
DA:72,1
DA:77,1
DA:78,1
DA:79,0
DA:80,0
DA:81,1
DA:82,1
DA:83,1
LF:49
LH:28
BRDA:30,0,0,1
BRDA:30,0,1,1
BRDA:32,1,0,1
BRDA:32,1,1,0
BRDA:36,2,0,1
BRDA:36,2,1,1
BRDA:36,3,0,1
BRDA:36,3,1,1
BRDA:36,4,0,1
BRDA:36,4,1,0
BRDA:36,5,0,0
BRDA:36,5,1,1
BRDA:42,6,0,0
BRDA:42,6,1,1
BRDA:56,7,0,0
BRDA:56,7,1,0
BRDA:64,8,0,0
BRDA:64,8,1,0
BRDA:78,9,0,0
BRDA:78,9,1,1
BRF:20
BRH:11
end_of_record
TN:
SF:(app-pages-browser)/node_modules/next/dist/client/app-webpack.js
FN:14,(anonymous)
FN:38,(anonymous)
FN:58,(anonymous)
FNF:3
FNH:1
FNDA:0,(anonymous)
FNDA:1,(anonymous)
FNDA:0,(anonymous)
DA:4,1
DA:5,1
DA:6,1
DA:7,1
DA:10,1
DA:12,1
DA:14,1
DA:15,0
DA:16,0
DA:17,0
DA:18,0
DA:19,0
DA:20,1
DA:25,1
DA:26,1
DA:27,0
DA:28,0
DA:29,0
DA:30,0
DA:31,0
DA:32,1
DA:35,1
DA:37,1
DA:38,1
DA:39,1
DA:43,1
DA:45,1
DA:47,1
DA:49,1
DA:52,1
DA:55,1
DA:58,0
DA:59,0
DA:60,0
DA:61,0
DA:65,0
DA:69,0
DA:77,0
DA:78,0
DA:79,0
DA:80,0
DA:81,0
DA:82,0
DA:83,0
DA:84,0
DA:85,1
DA:90,1
DA:91,1
DA:92,0
DA:93,0
DA:94,1
DA:95,1
DA:96,1
LF:53
LH:27
BRDA:43,0,0,1
BRDA:43,0,1,1
BRDA:45,1,0,1
BRDA:45,1,1,0
BRDA:49,2,0,1
BRDA:49,2,1,1
BRDA:49,3,0,1
BRDA:49,3,1,1
BRDA:49,4,0,1
BRDA:49,4,1,0
BRDA:49,5,0,0
BRDA:49,5,1,1
BRDA:55,6,0,0
BRDA:55,6,1,1
BRDA:69,7,0,0
BRDA:69,7,1,0
BRDA:77,8,0,0
BRDA:77,8,1,0
BRDA:91,9,0,0
BRDA:91,9,1,1
BRF:20
BRH:11
end_of_record
TN:
SF:(app-pages-browser)/node_modules/next/dist/client/components/app-router-announcer.js
FN:7,(anonymous)
FN:15,getAnnouncerNode
FN:37,AppRouterAnnouncer
FN:40,(anonymous)
FN:43,(anonymous)
FN:52,(anonymous)
FN:88,(anonymous)
FN:108,(anonymous)
FNF:8
FNH:7
FNDA:4,(anonymous)
FNDA:2,getAnnouncerNode
FNDA:4,AppRouterAnnouncer
FNDA:2,(anonymous)
FNDA:1,(anonymous)
FNDA:2,(anonymous)
FNDA:1,(anonymous)
FNDA:0,(anonymous)
DA:2,1
DA:3,1
DA:4,1
DA:5,1
DA:6,1
DA:7,4
DA:8,4
DA:9,4
DA:10,1
DA:11,1
DA:12,1
DA:13,1
DA:14,1
DA:15,2
DA:16,2
DA:17,2
DA:18,2
DA:19,0
DA:20,2
DA:21,2
DA:22,2
DA:23,2
DA:24,2
DA:25,2
DA:26,2
DA:27,2
DA:29,2
DA:30,2
DA:31,2
DA:32,2
DA:33,2
DA:34,2
DA:35,2
DA:36,2
DA:37,4
DA:38,4
DA:39,4
DA:40,2
DA:41,2
DA:42,2
DA:43,1
DA:44,1
DA:45,1
DA:46,1
DA:47,1
DA:48,1
DA:49,2
DA:50,4
DA:51,4
DA:52,2
DA:53,2
DA:54,2
DA:55,2
DA:56,2
DA:57,0
DA:58,0
DA:59,0
DA:60,0
DA:61,0
DA:64,1
DA:65,0
DA:66,0
DA:67,2
DA:68,2
DA:69,4
DA:70,4
DA:71,2
DA:72,4
DA:73,1
DA:74,1
DA:75,0
DA:76,0
DA:77,0
DA:78,0
DA:79,0
DA:80,1
DA:81,1
DA:82,1
DA:85,1
DA:87,1
DA:88,1
DA:89,1
DA:93,1
DA:95,1
DA:97,1
DA:99,1
DA:102,1
DA:105,1
DA:108,1
DA:109,0
DA:110,0
DA:111,1
DA:115,1
DA:119,1
DA:127,0
DA:128,0
DA:129,0
DA:130,0
DA:131,0
DA:132,0
DA:133,0
DA:134,1
DA:135,0
DA:140,0
DA:141,0
DA:142,0
DA:143,0
DA:144,0
DA:145,1
DA:146,1
LF:110
LH:82
BRDA:18,0,0,2
BRDA:18,0,1,0
BRDA:18,1,0,0
BRDA:18,1,1,0
BRDA:18,2,0,0
BRDA:18,2,1,2
BRDA:45,3,0,0
BRDA:45,3,1,1
BRDA:45,4,0,1
BRDA:45,4,1,0
BRDA:54,5,0,2
BRDA:54,5,1,0
BRDA:58,6,0,0
BRDA:58,6,1,0
BRDA:59,7,0,0
BRDA:59,7,1,0
BRDA:59,7,2,0
BRDA:64,8,0,1
BRDA:64,8,1,1
BRDA:64,9,0,0
BRDA:64,9,1,2
BRDA:71,10,0,2
BRDA:71,10,1,2
BRDA:93,11,0,1
BRDA:93,11,1,1
BRDA:95,12,0,1
BRDA:95,12,1,0
BRDA:99,13,0,1
BRDA:99,13,1,1
BRDA:99,14,0,1
BRDA:99,14,1,1
BRDA:99,15,0,1
BRDA:99,15,1,0
BRDA:99,16,0,0
BRDA:99,16,1,1
BRDA:105,17,0,1
BRDA:105,17,1,0
BRDA:119,18,0,0
BRDA:119,18,1,1
BRDA:127,19,0,0
BRDA:127,19,1,0
BRDA:141,20,0,0
BRDA:141,20,1,0
BRF:43
BRH:21
end_of_record
TN:
SF:(app-pages-browser)/node_modules/next/dist/client/components/app-router-headers.js
FN:6,_export
FN:13,(anonymous)
FN:16,(anonymous)
FN:19,(anonymous)
FN:22,(anonymous)
FN:25,(anonymous)
FN:28,(anonymous)
FN:31,(anonymous)
FN:34,(anonymous)
FN:37,(anonymous)
FN:72,(anonymous)
FN:92,(anonymous)
FNF:12
FNH:11
FNDA:1,_export
FNDA:2,(anonymous)
FNDA:2,(anonymous)
FNDA:2,(anonymous)
FNDA:2,(anonymous)
FNDA:2,(anonymous)
FNDA:2,(anonymous)
FNDA:2,(anonymous)
FNDA:2,(anonymous)
FNDA:2,(anonymous)
FNDA:1,(anonymous)
FNDA:0,(anonymous)
DA:2,1
DA:3,1
DA:4,1
DA:5,1
DA:6,1
DA:7,9
DA:8,9
DA:9,9
DA:10,9
DA:11,1
DA:12,1
DA:13,2
DA:14,2
DA:15,2
DA:16,2
DA:17,2
DA:18,2
DA:19,2
DA:20,2
DA:21,2
DA:22,2
DA:23,2
DA:24,2
DA:25,2
DA:26,2
DA:27,2
DA:28,2
DA:29,2
DA:30,2
DA:31,2
DA:32,2
DA:33,2
DA:34,2
DA:35,2
DA:36,2
DA:37,2
DA:38,2
DA:39,2
DA:40,1
DA:41,1
DA:42,1
DA:43,1
DA:44,1
DA:45,1
DA:46,1
DA:47,1
DA:48,1
DA:49,1
DA:50,1
DA:51,1
DA:52,1
DA:53,1
DA:54,1
DA:55,1
DA:56,1
DA:57,1
DA:58,1
DA:59,1
DA:60,1
DA:61,0
DA:62,0
DA:63,0
DA:64,0
DA:65,0
DA:66,1
DA:69,1
DA:71,1
DA:72,1
DA:73,1
DA:77,1
DA:79,1
DA:81,1
DA:83,1
DA:86,1
DA:89,1
DA:92,0
DA:93,0
DA:94,0
DA:95,0
DA:99,0
DA:103,0
DA:111,0
DA:112,0
DA:113,0
DA:114,0
DA:115,0
DA:116,0
DA:117,0
DA:118,0
DA:119,1
DA:124,1
DA:125,1
DA:126,0
DA:127,0
DA:128,1
DA:129,1
DA:130,1
LF:97
LH:76
BRDA:77,0,0,1
BRDA:77,0,1,1
BRDA:79,1,0,1
BRDA:79,1,1,0
BRDA:83,2,0,1
BRDA:83,2,1,1
BRDA:83,3,0,1
BRDA:83,3,1,1
BRDA:83,4,0,1
BRDA:83,4,1,0
BRDA:83,5,0,0
BRDA:83,5,1,1
BRDA:89,6,0,0
BRDA:89,6,1,1
BRDA:103,7,0,0
BRDA:103,7,1,0
BRDA:111,8,0,0
BRDA:111,8,1,0
BRDA:125,9,0,0
BRDA:125,9,1,1
BRF:20
BRH:11
end_of_record
TN:
SF:(app-pages-browser)/node_modules/next/dist/client/components/app-router.js
FN:8,_export
FN:15,(anonymous)
FN:18,(anonymous)
FN:21,(anonymous)
FN:24,(anonymous)
FN:52,getServerActionDispatcher
FN:56,urlToUrlWithoutFlightMarker
FN:64,getSelectedParams
FN:83,isExternalURL
FN:86,HistoryUpdater
FN:88,(anonymous)
FN:115,createEmptyCacheNode
FN:127,useServerActionDispatcher
FN:128,(anonymous)
FN:129,(anonymous)
FN:142,useChangeByServerResponse
FN:143,(anonymous)
FN:145,(anonymous)
FN:156,useNavigate
FN:157,(anonymous)
FN:171,copyNextJsInternalHistoryState
FN:184,Head
FN:205,Router
FN:208,(anonymous)
FN:226,(anonymous)
FN:232,(anonymous)
FN:247,(anonymous)
FN:249,(anonymous)
FN:250,(anonymous)
FN:251,(anonymous)
FN:270,(anonymous)
FN:279,(anonymous)
FN:281,(anonymous)
FN:286,(anonymous)
FN:288,(anonymous)
FN:293,(anonymous)
FN:294,(anonymous)
FN:301,(anonymous)
FN:303,(anonymous)
FN:317,(anonymous)
FN:330,(anonymous)
FN:347,(anonymous)
FN:352,handlePageShow
FN:368,(anonymous)
FN:401,(anonymous)
FN:405,(anonymous)
FN:409,(anonymous)
FN:421,pushState
FN:436,replaceState
FN:451,(anonymous)
FN:464,(anonymous)
FN:474,(anonymous)
FN:483,(anonymous)
FN:490,(anonymous)
FN:576,(anonymous)
FN:584,AppRouter
FN:611,(anonymous)
FN:631,(anonymous)
FNF:58
FNH:30
FNDA:1,_export
FNDA:1,(anonymous)
FNDA:6,(anonymous)
FNDA:1,(anonymous)
FNDA:1,(anonymous)
FNDA:0,getServerActionDispatcher
FNDA:0,urlToUrlWithoutFlightMarker
FNDA:2,getSelectedParams
FNDA:0,isExternalURL
FNDA:2,HistoryUpdater
FNDA:1,(anonymous)
FNDA:0,createEmptyCacheNode
FNDA:2,useServerActionDispatcher
FNDA:0,(anonymous)
FNDA:2,(anonymous)
FNDA:2,useChangeByServerResponse
FNDA:0,(anonymous)
FNDA:2,(anonymous)
FNDA:2,useNavigate
FNDA:0,(anonymous)
FNDA:0,copyNextJsInternalHistoryState
FNDA:2,Head
FNDA:2,Router
FNDA:2,(anonymous)
FNDA:2,(anonymous)
FNDA:2,(anonymous)
FNDA:2,(anonymous)
FNDA:0,(anonymous)
FNDA:0,(anonymous)
FNDA:0,(anonymous)
FNDA:0,(anonymous)
FNDA:0,(anonymous)
FNDA:0,(anonymous)
FNDA:0,(anonymous)
FNDA:0,(anonymous)
FNDA:0,(anonymous)
FNDA:0,(anonymous)
FNDA:0,(anonymous)
FNDA:0,(anonymous)
FNDA:2,(anonymous)
FNDA:2,(anonymous)
FNDA:2,(anonymous)
FNDA:0,handlePageShow
FNDA:1,(anonymous)
FNDA:2,(anonymous)
FNDA:0,(anonymous)
FNDA:0,(anonymous)
FNDA:0,pushState
FNDA:0,replaceState
FNDA:0,(anonymous)
FNDA:0,(anonymous)
FNDA:1,(anonymous)
FNDA:2,(anonymous)
FNDA:2,(anonymous)
FNDA:1,(anonymous)
FNDA:2,AppRouter
FNDA:1,(anonymous)
FNDA:0,(anonymous)
DA:1,1
DA:2,1
DA:3,1
DA:4,1
DA:5,1
DA:6,1
DA:7,1
DA:8,1
DA:9,4
DA:10,4
DA:11,4
DA:12,4
DA:13,1
DA:14,1
DA:15,1
DA:16,1
DA:17,1
DA:18,6
DA:19,6
DA:20,6
DA:21,1
DA:22,1
DA:23,1
DA:24,1
DA:25,1
DA:26,1
DA:27,1
DA:28,1
DA:29,1
DA:30,1
DA:31,1
DA:32,1
DA:33,1
DA:34,1
DA:35,1
DA:36,1
DA:37,1
DA:38,1
DA:39,1
DA:40,1
DA:41,1
DA:42,1
DA:43,1
DA:44,1
DA:45,1
DA:46,1
DA:47,1
DA:48,1
DA:50,1
DA:51,1
DA:52,0
DA:53,0
DA:54,0
DA:55,1
DA:56,0
DA:57,0
DA:58,0
DA:59,0
DA:60,0
DA:61,0
DA:64,2
DA:65,2
DA:66,2
DA:67,2
DA:68,2
DA:69,2
DA:70,2
DA:71,2
DA:73,2
DA:74,2
DA:75,0
DA:76,0
DA:77,0
DA:78,0
DA:79,0
DA:80,0
DA:81,2
DA:82,2
DA:83,0
DA:84,0
DA:85,0
DA:86,2
DA:87,2
DA:88,1
DA:89,1
DA:90,1
DA:91,1
DA:95,1
DA:96,1
DA:97,1
DA:98,1
DA:100,1
DA:102,0
DA:103,0
DA:104,1
DA:105,1
DA:106,1
DA:107,1
DA:108,1
DA:109,2
DA:110,2
DA:111,2
DA:112,2
DA:113,2
DA:114,1
DA:115,0
DA:116,0
DA:117,0
DA:118,0
DA:119,0
DA:120,0
DA:121,0
DA:122,0
DA:123,0
DA:124,0
DA:125,0
DA:126,0
DA:127,2
DA:128,2
DA:129,0
DA:130,0
DA:131,0
DA:132,0
DA:133,0
DA:134,0
DA:135,2
DA:136,2
DA:137,2
DA:138,2
DA:139,2
DA:142,2
DA:143,2
DA:144,0
DA:145,0
DA:146,0
DA:147,0
DA:148,0
DA:149,0
DA:150,0
DA:151,0
DA:152,2
DA:153,2
DA:154,2
DA:155,2
DA:156,2
DA:157,2
DA:158,0
DA:159,0
DA:160,0
DA:161,0
DA:162,0
DA:163,0
DA:164,0
DA:165,0
DA:166,0
DA:167,2
DA:168,2
DA:169,2
DA:170,2
DA:171,0
DA:172,0
DA:173,0
DA:174,0
DA:175,0
DA:176,0
DA:177,0
DA:178,0
DA:179,0
DA:180,0
DA:181,0
DA:182,0
DA:183,0
DA:184,2
DA:185,2
DA:189,2
DA:190,2
DA:192,2
DA:200,2
DA:201,2
DA:202,1
DA:205,2
DA:206,2
DA:207,2
DA:208,2
DA:209,2
DA:210,2
DA:211,2
DA:212,2
DA:213,2
DA:214,2
DA:215,2
DA:216,2
DA:217,2
DA:218,2
DA:219,2
DA:220,2
DA:221,2
DA:222,2
DA:223,2
DA:224,2
DA:225,2
DA:226,2
DA:228,2
DA:229,2
DA:230,2
DA:232,2
DA:233,2
DA:234,2
DA:236,2
DA:237,2
DA:238,2
DA:239,2
DA:240,2
DA:241,2
DA:242,2
DA:243,2
DA:244,2
DA:247,2
DA:248,2
DA:249,2
DA:250,2
DA:251,2
DA:253,0
DA:254,0
DA:255,0
DA:256,0
DA:257,0
DA:258,0
DA:259,0
DA:260,0
DA:261,0
DA:263,0
DA:264,0
DA:265,0
DA:267,0
DA:268,0
DA:269,0
DA:270,0
DA:271,0
DA:272,0
DA:273,0
DA:274,0
DA:275,0
DA:276,0
DA:277,0
DA:278,2
DA:279,2
DA:280,0
DA:281,0
DA:282,0
DA:283,0
DA:284,0
DA:285,2
DA:286,2
DA:287,0
DA:288,0
DA:289,0
DA:290,0
DA:291,0
DA:292,2
DA:293,2
DA:294,0
DA:295,0
DA:296,0
DA:297,0
DA:298,0
DA:299,0
DA:300,2
DA:301,2
DA:302,0
DA:303,0
DA:304,0
DA:305,0
DA:306,0
DA:307,0
DA:308,0
DA:309,0
DA:310,0
DA:311,2
DA:312,2
DA:313,2
DA:314,2
DA:315,2
DA:316,2
DA:317,2
DA:319,2
DA:320,2
DA:321,2
DA:322,2
DA:323,2
DA:324,2
DA:325,2
DA:327,2
DA:330,2
DA:334,2
DA:335,2
DA:336,2
DA:337,2
DA:338,2
DA:339,2
DA:340,2
DA:341,2
DA:342,2
DA:343,2
DA:344,2
DA:345,2
DA:346,2
DA:347,2
DA:352,0
DA:353,0
DA:354,0
DA:355,0
DA:356,0
DA:360,0
DA:361,0
DA:362,0
DA:363,0
DA:364,0
DA:365,0
DA:366,0
DA:367,2
DA:368,1
DA:369,1
DA:370,1
DA:371,2
DA:372,2
DA:373,2
DA:384,2
DA:385,2
DA:387,0
DA:388,0
DA:389,0
DA:390,0
DA:391,0
DA:392,0
DA:393,0
DA:394,0
DA:395,0
DA:399,0
DA:400,0
DA:401,2
DA:402,2
DA:403,2
DA:405,2
DA:406,0
DA:407,0
DA:408,0
DA:409,0
DA:410,0
DA:411,0
DA:412,0
DA:413,0
DA:414,0
DA:415,0
DA:416,2
DA:421,2
DA:423,0
DA:424,0
DA:425,0
DA:426,0
DA:427,0
DA:428,0
DA:429,0
DA:430,0
DA:431,2
DA:436,2
DA:438,0
DA:439,0
DA:440,0
DA:441,0
DA:442,0
DA:443,0
DA:444,0
DA:445,0
DA:446,2
DA:451,2
DA:452,0
DA:453,0
DA:455,0
DA:456,0
DA:458,0
DA:459,0
DA:460,0
DA:461,0
DA:464,0
DA:465,0
DA:466,0
DA:467,0
DA:468,0
DA:469,0
DA:470,0
DA:471,2
DA:473,2
DA:474,1
DA:475,1
DA:476,1
DA:477,1
DA:478,1
DA:479,2
DA:480,2
DA:481,2
DA:482,2
DA:483,2
DA:484,2
DA:485,2
DA:486,2
DA:487,2
DA:488,2
DA:490,2
DA:491,2
DA:492,2
DA:493,2
DA:494,2
DA:495,2
DA:496,2
DA:503,2
DA:504,2
DA:505,2
DA:506,2
DA:507,2
DA:508,0
DA:509,0
DA:510,2
DA:511,2
DA:512,2
DA:513,2
DA:514,2
DA:515,2
DA:516,2
DA:517,2
DA:518,2
DA:519,2
DA:520,2
DA:521,2
DA:522,2
DA:523,2
DA:524,2
DA:525,2
DA:526,2
DA:527,2
DA:528,2
DA:529,2
DA:530,2
DA:531,2
DA:532,2
DA:533,2
DA:534,2
DA:535,2
DA:536,2
DA:537,2
DA:538,2
DA:539,2
DA:540,2
DA:541,2
DA:542,2
DA:543,2
DA:544,2
DA:545,2
DA:546,2
DA:547,2
DA:548,2
DA:549,2
DA:550,2
DA:551,2
DA:552,2
DA:553,2
DA:554,2
DA:555,2
DA:556,2
DA:557,2
DA:558,2
DA:559,2
DA:560,2
DA:563,2
DA:564,2
DA:565,2
DA:566,2
DA:567,2
DA:568,2
DA:569,2
DA:570,2
DA:571,2
DA:572,2
DA:573,2
DA:574,2
DA:575,2
DA:576,1
DA:577,1
DA:578,1
DA:579,1
DA:580,1
DA:581,1
DA:582,1
DA:583,1
DA:584,2
DA:585,2
DA:586,2
DA:587,2
DA:588,2
DA:589,2
DA:590,2
DA:591,2
DA:592,2
DA:593,1
DA:594,1
DA:595,1
DA:596,1
DA:597,1
DA:598,1
DA:599,1
DA:600,1
DA:601,1
DA:602,1
DA:603,1
DA:604,1
DA:605,1
DA:608,1
DA:610,1
DA:611,1
DA:612,1
DA:616,1
DA:618,1
DA:620,1
DA:622,1
DA:625,1
DA:628,1
DA:631,1
DA:632,0
DA:633,0
DA:634,1
DA:638,1
DA:642,1
DA:650,0
DA:651,0
DA:652,0
DA:653,0
DA:654,0
DA:655,0
DA:656,0
DA:657,1
DA:658,0
DA:663,0
DA:664,0
DA:665,0
DA:666,0
DA:667,0
DA:668,1
DA:669,1
LF:548
LH:351
BRDA:59,0,0,0
BRDA:59,0,1,0
BRDA:65,1,0,2
BRDA:65,1,1,0
BRDA:70,2,0,0
BRDA:70,2,1,2
BRDA:71,3,0,2
BRDA:71,3,1,2
BRDA:71,4,0,2
BRDA:71,4,1,0
BRDA:73,5,0,0
BRDA:73,5,1,0
BRDA:73,5,2,0
BRDA:74,6,0,0
BRDA:74,6,1,0
BRDA:76,7,0,0
BRDA:76,7,1,0
BRDA:91,8,0,1
BRDA:91,8,1,0
BRDA:98,9,0,1
BRDA:98,9,1,0
BRDA:100,10,0,0
BRDA:100,10,1,1
BRDA:164,11,0,0
BRDA:164,11,1,0
BRDA:172,12,0,0
BRDA:172,12,1,0
BRDA:174,13,0,0
BRDA:174,13,1,0
BRDA:175,14,0,0
BRDA:175,14,1,0
BRDA:178,15,0,0
BRDA:178,15,1,0
BRDA:179,16,0,0
BRDA:179,16,1,0
BRDA:189,17,0,2
BRDA:189,17,1,0
BRDA:190,18,0,2
BRDA:190,18,1,0
BRDA:192,19,0,0
BRDA:192,19,1,2
BRDA:214,20,0,2
BRDA:214,20,1,0
BRDA:233,21,0,0
BRDA:233,21,1,2
BRDA:237,22,0,2
BRDA:237,22,1,0
BRDA:253,23,0,0
BRDA:253,23,1,0
BRDA:263,24,0,0
BRDA:263,24,1,0
BRDA:267,25,0,0
BRDA:267,25,1,0
BRDA:275,26,0,0
BRDA:275,26,1,0
BRDA:275,27,0,0
BRDA:275,27,1,0
BRDA:280,28,0,0
BRDA:280,28,1,0
BRDA:283,29,0,0
BRDA:283,29,1,0
BRDA:287,30,0,0
BRDA:287,30,1,0
BRDA:290,31,0,0
BRDA:290,31,1,0
BRDA:302,32,0,0
BRDA:302,32,1,0
BRDA:319,33,0,1
BRDA:319,33,1,1
BRDA:325,34,0,2
BRDA:325,34,1,0
BRDA:354,35,0,0
BRDA:354,35,1,0
BRDA:354,36,0,0
BRDA:354,36,1,0
BRDA:354,37,0,0
BRDA:354,37,1,0
BRDA:385,38,0,0
BRDA:385,38,1,2
BRDA:387,39,0,0
BRDA:387,39,1,0
BRDA:389,40,0,0
BRDA:389,40,1,0
BRDA:408,41,0,0
BRDA:408,41,1,0
BRDA:412,42,0,0
BRDA:412,42,1,0
BRDA:423,43,0,0
BRDA:423,43,1,0
BRDA:423,44,0,0
BRDA:423,44,1,0
BRDA:423,45,0,0
BRDA:423,45,1,0
BRDA:423,46,0,0
BRDA:423,46,1,0
BRDA:427,47,0,0
BRDA:427,47,1,0
BRDA:438,48,0,0
BRDA:438,48,1,0
BRDA:438,49,0,0
BRDA:438,49,1,0
BRDA:438,50,0,0
BRDA:438,50,1,0
BRDA:438,51,0,0
BRDA:438,51,1,0
BRDA:442,52,0,0
BRDA:442,52,1,0
BRDA:453,53,0,0
BRDA:453,53,1,0
BRDA:458,54,0,0
BRDA:458,54,1,0
BRDA:496,55,0,2
BRDA:496,55,1,0
BRDA:519,56,0,2
BRDA:519,56,1,0
BRDA:520,57,0,2
BRDA:520,57,1,0
BRDA:616,58,0,1
BRDA:616,58,1,1
BRDA:618,59,0,1
BRDA:618,59,1,0
BRDA:622,60,0,1
BRDA:622,60,1,1
BRDA:622,61,0,1
BRDA:622,61,1,1
BRDA:622,62,0,1
BRDA:622,62,1,0
BRDA:622,63,0,0
BRDA:622,63,1,1
BRDA:628,64,0,1
BRDA:628,64,1,0
BRDA:642,65,0,0
BRDA:642,65,1,1
BRDA:650,66,0,0
BRDA:650,66,1,0
BRDA:664,67,0,0
BRDA:664,67,1,0
BRF:137
BRH:32
end_of_record
TN:
SF:(app-pages-browser)/node_modules/next/dist/client/components/client-page.js
FN:7,(anonymous)
FN:13,ClientPageRoot
FN:41,(anonymous)
FN:61,(anonymous)
FNF:4
FNH:2
FNDA:2,(anonymous)
FNDA:0,ClientPageRoot
FNDA:1,(anonymous)
FNDA:0,(anonymous)
DA:1,1
DA:2,1
DA:3,1
DA:4,1
DA:5,1
DA:6,1
DA:7,2
DA:8,2
DA:9,2
DA:10,1
DA:11,1
DA:12,1
DA:13,0
DA:14,0
DA:21,0
DA:22,0
DA:23,0
DA:24,0
DA:25,0
DA:26,1
DA:27,1
DA:28,0
DA:29,0
DA:30,0
DA:31,0
DA:32,0
DA:33,1
DA:34,1
DA:35,1
DA:38,1
DA:40,1
DA:41,1
DA:42,1
DA:46,1
DA:48,1
DA:50,1
DA:52,1
DA:55,1
DA:58,1
DA:61,1
DA:62,0
DA:63,0
DA:64,1
DA:68,1
DA:72,1
DA:80,0
DA:81,0
DA:82,0
DA:83,0
DA:84,0
DA:85,0
DA:86,0
DA:87,1
DA:88,0
DA:93,0
DA:94,0
DA:95,0
DA:96,0
DA:97,0
DA:98,1
DA:99,1
LF:61
LH:34
BRDA:21,0,0,0
BRDA:21,0,1,0
BRDA:46,1,0,1
BRDA:46,1,1,1
BRDA:48,2,0,1
BRDA:48,2,1,0
BRDA:52,3,0,1
BRDA:52,3,1,1
BRDA:52,4,0,1
BRDA:52,4,1,1
BRDA:52,5,0,1
BRDA:52,5,1,0
BRDA:52,6,0,0
BRDA:52,6,1,1
BRDA:58,7,0,1
BRDA:58,7,1,0
BRDA:72,8,0,0
BRDA:72,8,1,1
BRDA:80,9,0,0
BRDA:80,9,1,0
BRDA:94,10,0,0
BRDA:94,10,1,0
BRF:22
BRH:11
end_of_record
TN:
SF:(app-pages-browser)/node_modules/next/dist/client/components/dev-root-not-found-boundary.js
FN:6,_export
FN:13,(anonymous)
FN:16,(anonymous)
FN:24,bailOnNotFound
FN:27,NotAllowedRootNotFoundError
FN:32,DevRootNotFoundBoundary
FN:55,(anonymous)
FN:75,(anonymous)
FNF:8
FNH:5
FNDA:1,_export
FNDA:4,(anonymous)
FNDA:2,(anonymous)
FNDA:0,bailOnNotFound
FNDA:0,NotAllowedRootNotFoundError
FNDA:2,DevRootNotFoundBoundary
FNDA:1,(anonymous)
FNDA:0,(anonymous)
DA:1,1
DA:2,1
DA:3,1
DA:4,1
DA:5,1
DA:6,1
DA:7,2
DA:8,2
DA:9,2
DA:10,2
DA:11,1
DA:12,1
DA:13,4
DA:14,4
DA:15,4
DA:16,2
DA:17,2
DA:18,2
DA:19,1
DA:20,1
DA:21,1
DA:22,1
DA:23,1
DA:24,0
DA:25,0
DA:26,0
DA:27,0
DA:28,0
DA:29,0
DA:30,0
DA:31,1
DA:32,2
DA:33,2
DA:34,2
DA:35,2
DA:36,2
DA:37,2
DA:38,2
DA:39,1
DA:40,1
DA:41,0
DA:42,0
DA:43,0
DA:44,0
DA:45,0
DA:46,1
DA:47,1
DA:48,1
DA:49,1
DA:52,1
DA:54,1
DA:55,1
DA:56,1
DA:60,1
DA:62,1
DA:64,1
DA:66,1
DA:69,1
DA:72,1
DA:75,0
DA:76,0
DA:77,0
DA:78,0
DA:82,0
DA:86,0
DA:94,0
DA:95,0
DA:96,0
DA:97,0
DA:98,0
DA:99,0
DA:100,0
DA:101,0
DA:102,1
DA:107,1
DA:108,1
DA:109,0
DA:110,0
DA:111,1
DA:112,1
DA:113,1
LF:81
LH:53
BRDA:60,0,0,1
BRDA:60,0,1,1
BRDA:62,1,0,1
BRDA:62,1,1,0
BRDA:66,2,0,1
BRDA:66,2,1,1
BRDA:66,3,0,1
BRDA:66,3,1,1
BRDA:66,4,0,1
BRDA:66,4,1,0
BRDA:66,5,0,0
BRDA:66,5,1,1
BRDA:72,6,0,0
BRDA:72,6,1,1
BRDA:86,7,0,0
BRDA:86,7,1,0
BRDA:94,8,0,0
BRDA:94,8,1,0
BRDA:108,9,0,0
BRDA:108,9,1,1
BRF:20
BRH:11
end_of_record
TN:
SF:(app-pages-browser)/node_modules/next/dist/client/components/error-boundary.js
FN:6,_export
FN:13,(anonymous)
FN:16,(anonymous)
FN:19,(anonymous)
FN:24,(anonymous)
FN:55,HandleISRError
FN:66,(anonymous)
FN:76,(anonymous)
FN:94,(anonymous)
FN:112,(anonymous)
FN:114,(anonymous)
FN:125,GlobalError
FN:159,ErrorBoundary
FN:192,(anonymous)
FN:212,(anonymous)
FNF:15
FNH:10
FNDA:1,_export
FNDA:1,(anonymous)
FNDA:1,(anonymous)
FNDA:1,(anonymous)
FNDA:6,(anonymous)
FNDA:0,HandleISRError
FNDA:0,(anonymous)
FNDA:2,(anonymous)
FNDA:2,(anonymous)
FNDA:2,(anonymous)
FNDA:0,(anonymous)
FNDA:0,GlobalError
FNDA:4,ErrorBoundary
FNDA:1,(anonymous)
FNDA:0,(anonymous)
DA:1,1
DA:2,1
DA:3,1
DA:4,1
DA:5,1
DA:6,1
DA:7,4
DA:8,4
DA:9,4
DA:10,4
DA:11,1
DA:12,1
DA:13,1
DA:14,1
DA:15,1
DA:16,1
DA:17,1
DA:18,1
DA:19,1
DA:20,1
DA:21,1
DA:24,6
DA:25,6
DA:26,6
DA:27,1
DA:28,1
DA:29,1
DA:30,1
DA:31,1
DA:32,1
DA:33,1
DA:34,1
DA:35,1
DA:37,1
DA:38,1
DA:39,1
DA:40,1
DA:41,1
DA:42,1
DA:43,1
DA:44,1
DA:45,1
DA:46,1
DA:47,1
DA:48,1
DA:49,1
DA:50,1
DA:51,1
DA:55,0
DA:56,0
DA:57,0
DA:58,0
DA:59,0
DA:60,0
DA:61,0
DA:62,0
DA:63,0
DA:64,1
DA:65,1
DA:66,1
DA:67,0
DA:70,0
DA:71,0
DA:72,0
DA:73,0
DA:74,0
DA:75,0
DA:76,2
DA:82,2
DA:83,0
DA:84,0
DA:85,0
DA:86,0
DA:87,0
DA:88,2
DA:89,2
DA:90,2
DA:91,2
DA:92,2
DA:94,2
DA:95,2
DA:96,0
DA:97,0
DA:98,0
DA:99,0
DA:100,0
DA:101,0
DA:102,0
DA:103,0
DA:104,0
DA:105,0
DA:106,0
DA:107,0
DA:108,0
DA:109,0
DA:110,2
DA:111,2
DA:112,2
DA:113,2
DA:114,2
DA:115,0
DA:116,0
DA:117,0
DA:118,2
DA:119,2
DA:120,2
DA:121,2
DA:122,2
DA:123,2
DA:124,1
DA:125,0
DA:126,0
DA:127,0
DA:128,0
DA:129,0
DA:130,0
DA:131,0
DA:132,0
DA:133,0
DA:134,0
DA:135,0
DA:136,0
DA:137,0
DA:138,0
DA:139,0
DA:140,0
DA:141,0
DA:142,0
DA:143,0
DA:144,0
DA:145,0
DA:146,0
DA:147,0
DA:148,0
DA:149,0
DA:150,0
DA:151,0
DA:152,0
DA:153,0
DA:154,0
DA:155,0
DA:156,0
DA:157,1
DA:158,1
DA:159,4
DA:160,4
DA:161,4
DA:162,2
DA:163,2
DA:164,2
DA:165,2
DA:166,2
DA:167,2
DA:168,2
DA:169,2
DA:170,2
DA:171,2
DA:172,2
DA:173,2
DA:174,4
DA:175,1
DA:176,1
DA:177,1
DA:178,1
DA:179,1
DA:180,1
DA:181,1
DA:182,1
DA:183,1
DA:184,1
DA:185,1
DA:186,1
DA:189,1
DA:191,1
DA:192,1
DA:193,1
DA:197,1
DA:199,1
DA:201,1
DA:203,1
DA:206,1
DA:209,1
DA:212,1
DA:213,0
DA:214,0
DA:215,1
DA:219,1
DA:223,1
DA:231,0
DA:232,0
DA:233,0
DA:234,0
DA:235,0
DA:236,0
DA:237,0
DA:238,1
DA:239,0
DA:244,0
DA:245,0
DA:246,0
DA:247,0
DA:248,0
DA:249,1
DA:250,1
LF:204
LH:119
BRDA:58,0,0,0
BRDA:58,0,1,0
BRDA:58,1,0,0
BRDA:58,1,1,0
BRDA:58,2,0,0
BRDA:58,2,1,0
BRDA:58,3,0,0
BRDA:58,3,1,0
BRDA:67,4,0,0
BRDA:67,4,1,0
BRDA:82,5,0,2
BRDA:82,5,1,0
BRDA:82,6,0,0
BRDA:82,6,1,2
BRDA:95,7,0,0
BRDA:95,7,1,2
BRDA:127,8,0,0
BRDA:127,8,1,0
BRDA:143,9,0,0
BRDA:143,9,1,0
BRDA:143,10,0,0
BRDA:143,10,1,0
BRDA:145,11,0,0
BRDA:145,11,1,0
BRDA:162,12,0,2
BRDA:162,12,1,2
BRDA:197,13,0,1
BRDA:197,13,1,1
BRDA:199,14,0,1
BRDA:199,14,1,0
BRDA:203,15,0,1
BRDA:203,15,1,1
BRDA:203,16,0,1
BRDA:203,16,1,1
BRDA:203,17,0,1
BRDA:203,17,1,0
BRDA:203,18,0,0
BRDA:203,18,1,1
BRDA:209,19,0,1
BRDA:209,19,1,0
BRDA:223,20,0,0
BRDA:223,20,1,1
BRDA:231,21,0,0
BRDA:231,21,1,0
BRDA:245,22,0,0
BRDA:245,22,1,0
BRF:46
BRH:16
end_of_record
TN:
SF:(app-pages-browser)/node_modules/next/dist/client/components/hooks-server-context.js
FN:6,_export
FN:13,(anonymous)
FN:16,(anonymous)
FN:22,(anonymous)
FN:28,isDynamicServerError
FN:46,(anonymous)
FN:66,(anonymous)
FNF:7
FNH:4
FNDA:1,_export
FNDA:2,(anonymous)
FNDA:2,(anonymous)
FNDA:0,(anonymous)
FNDA:0,isDynamicServerError
FNDA:1,(anonymous)
FNDA:0,(anonymous)
DA:2,1
DA:3,1
DA:4,1
DA:5,1
DA:6,1
DA:7,2
DA:8,2
DA:9,2
DA:10,2
DA:11,1
DA:12,1
DA:13,2
DA:14,2
DA:15,2
DA:16,2
DA:17,2
DA:18,2
DA:19,1
DA:20,1
DA:21,1
DA:22,0
DA:23,0
DA:24,0
DA:25,0
DA:26,0
DA:27,1
DA:28,0
DA:29,0
DA:30,0
DA:31,0
DA:32,0
DA:33,0
DA:34,1
DA:35,0
DA:36,0
DA:37,0
DA:38,0
DA:39,0
DA:40,1
DA:43,1
DA:45,1
DA:46,1
DA:47,1
DA:51,1
DA:53,1
DA:55,1
DA:57,1
DA:60,1
DA:63,1
DA:66,0
DA:67,0
DA:68,0
DA:69,0
DA:73,0
DA:77,0
DA:85,0
DA:86,0
DA:87,0
DA:88,0
DA:89,0
DA:90,0
DA:91,0
DA:92,0
DA:93,1
DA:98,1
DA:99,1
DA:100,0
DA:101,0
DA:102,1
DA:103,1
DA:104,1
LF:71
LH:39
BRDA:29,0,0,0
BRDA:29,0,1,0
BRDA:29,0,2,0
BRDA:29,0,3,0
BRDA:29,1,0,0
BRDA:29,1,1,0
BRDA:51,2,0,1
BRDA:51,2,1,1
BRDA:53,3,0,1
BRDA:53,3,1,0
BRDA:57,4,0,1
BRDA:57,4,1,1
BRDA:57,5,0,1
BRDA:57,5,1,1
BRDA:57,6,0,1
BRDA:57,6,1,0
BRDA:57,7,0,0
BRDA:57,7,1,1
BRDA:63,8,0,0
BRDA:63,8,1,1
BRDA:77,9,0,0
BRDA:77,9,1,0
BRDA:85,10,0,0
BRDA:85,10,1,0
BRDA:99,11,0,0
BRDA:99,11,1,1
BRF:26
BRH:11
end_of_record
TN:
SF:(app-pages-browser)/node_modules/next/dist/client/components/is-hydration-error.js
FN:7,(anonymous)
FN:14,isHydrationError
FN:29,(anonymous)
FN:49,(anonymous)
FNF:4
FNH:2
FNDA:2,(anonymous)
FNDA:0,isHydrationError
FNDA:1,(anonymous)
FNDA:0,(anonymous)
DA:2,1
DA:3,1
DA:4,1
DA:5,1
DA:6,1
DA:7,2
DA:8,2
DA:9,2
DA:10,1
DA:11,1
DA:12,1
DA:13,1
DA:14,0
DA:15,0
DA:16,0
DA:17,1
DA:18,0
DA:19,0
DA:20,0
DA:21,0
DA:22,0
DA:23,1
DA:26,1
DA:28,1
DA:29,1
DA:30,1
DA:34,1
DA:36,1
DA:38,1
DA:40,1
DA:43,1
DA:46,1
DA:49,0
DA:50,0
DA:51,0
DA:52,0
DA:56,0
DA:60,0
DA:68,0
DA:69,0
DA:70,0
DA:71,0
DA:72,0
DA:73,0
DA:74,0
DA:75,0
DA:76,1
DA:81,1
DA:82,1
DA:83,0
DA:84,0
DA:85,1
DA:86,1
DA:87,1
LF:54
LH:30
BRDA:15,0,0,0
BRDA:15,0,1,0
BRDA:34,1,0,1
BRDA:34,1,1,1
BRDA:36,2,0,1
BRDA:36,2,1,0
BRDA:40,3,0,1
BRDA:40,3,1,1
BRDA:40,4,0,1
BRDA:40,4,1,1
BRDA:40,5,0,1
BRDA:40,5,1,0
BRDA:40,6,0,0
BRDA:40,6,1,1
BRDA:46,7,0,0
BRDA:46,7,1,1
BRDA:60,8,0,0
BRDA:60,8,1,0
BRDA:68,9,0,0
BRDA:68,9,1,0
BRDA:82,10,0,0
BRDA:82,10,1,1
BRF:22
BRH:11
end_of_record
TN:
SF:(app-pages-browser)/node_modules/next/dist/client/components/is-next-router-error.js
FN:7,(anonymous)
FN:13,isNextRouterError
FN:28,(anonymous)
FN:48,(anonymous)
FNF:4
FNH:2
FNDA:2,(anonymous)
FNDA:0,isNextRouterError
FNDA:1,(anonymous)
FNDA:0,(anonymous)
DA:2,1
DA:3,1
DA:4,1
DA:5,1
DA:6,1
DA:7,2
DA:8,2
DA:9,2
DA:10,1
DA:11,1
DA:12,1
DA:13,0
DA:14,0
DA:15,0
DA:16,1
DA:17,0
DA:18,0
DA:19,0
DA:20,0
DA:21,0
DA:22,1
DA:25,1
DA:27,1
DA:28,1
DA:29,1
DA:33,1
DA:35,1
DA:37,1
DA:39,1
DA:42,1
DA:45,1
DA:48,0
DA:49,0
DA:50,0
DA:51,0
DA:55,0
DA:59,0
DA:67,0
DA:68,0
DA:69,0
DA:70,0
DA:71,0
DA:72,0
DA:73,0
DA:74,0
DA:75,1
DA:80,1
DA:81,1
DA:82,0
DA:83,0
DA:84,1
DA:85,1
DA:86,1
LF:53
LH:29
BRDA:14,0,0,0
BRDA:14,0,1,0
BRDA:14,0,2,0
BRDA:14,0,3,0
BRDA:33,1,0,1
BRDA:33,1,1,1
BRDA:35,2,0,1
BRDA:35,2,1,0
BRDA:39,3,0,1
BRDA:39,3,1,1
BRDA:39,4,0,1
BRDA:39,4,1,1
BRDA:39,5,0,1
BRDA:39,5,1,0
BRDA:39,6,0,0
BRDA:39,6,1,1
BRDA:45,7,0,0
BRDA:45,7,1,1
BRDA:59,8,0,0
BRDA:59,8,1,0
BRDA:67,9,0,0
BRDA:67,9,1,0
BRDA:81,10,0,0
BRDA:81,10,1,1
BRF:24
BRH:11
end_of_record
TN:
SF:(app-pages-browser)/node_modules/next/dist/client/components/layout-router.js
FN:7,(anonymous)
FN:30,walkAddRefetch
FN:66,findDOMNode
FN:73,(anonymous)
FN:101,shouldSkipElement
FN:117,(anonymous)
FN:121,topOfElementInViewport
FN:130,getHashFragmentDomNode
FN:140,(anonymous)
FN:143,(anonymous)
FN:149,(anonymous)
FN:152,(anonymous)
FN:154,(anonymous)
FN:161,(anonymous)
FN:161,(anonymous)
FN:191,(anonymous)
FN:227,ScrollAndFocusHandler
FN:242,InnerLayoutRouter
FN:314,(anonymous)
FN:315,(anonymous)
FN:348,LoadingBoundary
FN:369,OuterLayoutRouter
FN:398,(anonymous)
FN:467,(anonymous)
FN:487,(anonymous)
FNF:25
FNH:13
FNDA:6,(anonymous)
FNDA:0,walkAddRefetch
FNDA:0,findDOMNode
FNDA:0,(anonymous)
FNDA:0,shouldSkipElement
FNDA:0,(anonymous)
FNDA:0,topOfElementInViewport
FNDA:0,getHashFragmentDomNode
FNDA:2,(anonymous)
FNDA:0,(anonymous)
FNDA:2,(anonymous)
FNDA:2,(anonymous)
FNDA:2,(anonymous)
FNDA:0,(anonymous)
FNDA:2,(anonymous)
FNDA:0,(anonymous)
FNDA:2,ScrollAndFocusHandler
FNDA:2,InnerLayoutRouter
FNDA:0,(anonymous)
FNDA:2,(anonymous)
FNDA:2,LoadingBoundary
FNDA:2,OuterLayoutRouter
FNDA:2,(anonymous)
FNDA:1,(anonymous)
FNDA:0,(anonymous)
DA:1,1
DA:2,1
DA:3,1
DA:4,1
DA:5,1
DA:6,1
DA:7,6
DA:8,6
DA:9,6
DA:10,1
DA:11,1
DA:12,1
DA:13,1
DA:14,1
DA:15,1
DA:16,1
DA:17,1
DA:18,1
DA:19,1
DA:20,1
DA:21,1
DA:22,1
DA:23,1
DA:24,1
DA:25,1
DA:26,1
DA:30,1
DA:31,0
DA:32,0
DA:33,0
DA:34,0
DA:35,0
DA:36,0
DA:37,0
DA:38,0
DA:39,0
DA:40,0
DA:41,0
DA:42,0
DA:43,0
DA:44,0
DA:45,0
DA:46,0
DA:47,0
DA:48,0
DA:49,0
DA:50,0
DA:51,0
DA:52,0
DA:53,0
DA:54,0
DA:55,0
DA:56,0
DA:57,0
DA:58,0
DA:59,0
DA:60,0
DA:61,0
DA:62,0
DA:66,1
DA:68,0
DA:70,0
DA:71,0
DA:72,0
DA:73,0
DA:74,0
DA:75,0
DA:76,0
DA:78,0
DA:79,0
DA:80,0
DA:81,0
DA:82,0
DA:83,0
DA:84,0
DA:85,0
DA:86,0
DA:87,0
DA:88,0
DA:89,1
DA:90,1
DA:91,1
DA:92,1
DA:93,1
DA:94,1
DA:95,1
DA:96,1
DA:97,1
DA:98,1
DA:101,1
DA:105,0
DA:106,0
DA:107,0
DA:108,0
DA:109,0
DA:110,0
DA:111,0
DA:112,0
DA:113,0
DA:116,0
DA:117,0
DA:118,0
DA:121,1
DA:122,0
DA:123,0
DA:124,0
DA:130,1
DA:132,0
DA:133,0
DA:134,0
DA:135,0
DA:137,0
DA:138,0
DA:139,1
DA:140,2
DA:141,2
DA:142,2
DA:143,0
DA:145,0
DA:146,0
DA:147,0
DA:148,0
DA:149,2
DA:150,2
DA:151,2
DA:152,2
DA:153,2
DA:154,2
DA:156,2
DA:157,2
DA:161,0
DA:162,0
DA:163,0
DA:164,0
DA:165,0
DA:166,0
DA:167,0
DA:168,0
DA:171,0
DA:172,0
DA:173,0
DA:175,0
DA:176,0
DA:177,0
DA:180,0
DA:182,0
DA:183,0
DA:184,0
DA:185,0
DA:186,0
DA:188,0
DA:189,0
DA:190,0
DA:191,0
DA:193,0
DA:194,0
DA:195,0
DA:196,0
DA:199,0
DA:200,0
DA:202,0
DA:203,0
DA:204,0
DA:209,0
DA:211,0
DA:212,0
DA:213,0
DA:214,0
DA:216,0
DA:217,0
DA:218,0
DA:220,0
DA:222,0
DA:223,0
DA:224,2
DA:225,2
DA:226,1
DA:227,2
DA:228,2
DA:229,2
DA:230,2
DA:231,0
DA:232,0
DA:233,2
DA:234,2
DA:235,2
DA:236,2
DA:237,2
DA:238,2
DA:239,1
DA:242,2
DA:243,2
DA:244,2
DA:245,2
DA:246,2
DA:247,0
DA:248,0
DA:249,2
DA:251,2
DA:254,2
DA:255,0
DA:256,0
DA:257,0
DA:258,0
DA:259,0
DA:260,0
DA:261,0
DA:262,0
DA:263,0
DA:264,0
DA:267,0
DA:268,0
DA:269,0
DA:276,2
DA:284,2
DA:289,2
DA:290,2
DA:295,0
DA:296,0
DA:299,0
DA:300,0
DA:301,0
DA:302,0
DA:303,0
DA:304,0
DA:305,0
DA:306,0
DA:307,0
DA:310,0
DA:311,0
DA:312,0
DA:314,0
DA:315,0
DA:316,0
DA:317,0
DA:318,0
DA:319,0
DA:320,0
DA:321,0
DA:324,0
DA:325,0
DA:328,0
DA:329,0
DA:331,2
DA:332,2
DA:333,2
DA:334,2
DA:336,2
DA:337,2
DA:338,2
DA:339,2
DA:340,2
DA:342,2
DA:343,2
DA:344,1
DA:348,2
DA:349,2
DA:352,2
DA:353,0
DA:354,0
DA:355,0
DA:356,0
DA:357,0
DA:358,0
DA:359,0
DA:360,0
DA:361,0
DA:362,0
DA:363,0
DA:364,2
DA:365,2
DA:366,2
DA:367,2
DA:368,1
DA:369,2
DA:370,2
DA:371,2
DA:372,2
DA:373,0
DA:374,0
DA:375,2
DA:377,2
DA:380,2
DA:381,0
DA:382,0
DA:383,0
DA:386,2
DA:388,2
DA:391,2
DA:392,2
DA:393,2
DA:394,2
DA:395,2
DA:396,2
DA:397,2
DA:398,2
DA:399,2
DA:400,2
DA:401,2
DA:409,2
DA:410,2
DA:411,2
DA:412,2
DA:413,2
DA:414,2
DA:415,2
DA:416,2
DA:417,2
DA:418,2
DA:419,2
DA:420,2
DA:421,2
DA:422,2
DA:423,2
DA:424,2
DA:425,2
DA:426,2
DA:427,2
DA:428,2
DA:429,2
DA:430,2
DA:431,2
DA:432,2
DA:433,2
DA:434,2
DA:435,2
DA:436,2
DA:437,2
DA:438,2
DA:439,2
DA:440,2
DA:441,2
DA:442,2
DA:443,2
DA:444,2
DA:445,2
DA:446,2
DA:447,2
DA:448,2
DA:449,1
DA:450,1
DA:451,1
DA:452,1
DA:453,1
DA:454,1
DA:455,1
DA:456,1
DA:457,1
DA:458,1
DA:459,1
DA:460,1
DA:461,1
DA:464,1
DA:466,1
DA:467,1
DA:468,1
DA:472,1
DA:474,1
DA:476,1
DA:478,1
DA:481,1
DA:484,1
DA:487,1
DA:488,0
DA:489,0
DA:490,1
DA:494,1
DA:498,1
DA:506,0
DA:507,0
DA:508,0
DA:509,0
DA:510,0
DA:511,0
DA:512,0
DA:513,1
DA:514,0
DA:519,0
DA:520,0
DA:521,0
DA:522,0
DA:523,0
DA:524,1
DA:525,1
LF:384
LH:189
BRDA:31,0,0,0
BRDA:31,0,1,0
BRDA:34,1,0,0
BRDA:34,1,1,0
BRDA:35,2,0,0
BRDA:35,2,1,0
BRDA:36,3,0,0
BRDA:36,3,1,0
BRDA:68,4,0,0
BRDA:68,4,1,0
BRDA:70,5,0,0
BRDA:70,5,1,0
BRDA:78,6,0,0
BRDA:78,6,1,0
BRDA:108,7,0,0
BRDA:108,7,1,0
BRDA:109,8,0,0
BRDA:109,8,1,0
BRDA:123,9,0,0
BRDA:123,9,1,0
BRDA:132,10,0,0
BRDA:132,10,1,0
BRDA:137,11,0,0
BRDA:137,11,1,0
BRDA:145,12,0,0
BRDA:145,12,1,0
BRDA:157,13,0,0
BRDA:157,13,1,2
BRDA:161,14,0,0
BRDA:161,14,1,0
BRDA:161,15,0,0
BRDA:161,15,1,0
BRDA:166,16,0,0
BRDA:166,16,1,0
BRDA:171,17,0,0
BRDA:171,17,1,0
BRDA:175,18,0,0
BRDA:175,18,1,0
BRDA:180,19,0,0
BRDA:180,19,1,0
BRDA:182,20,0,0
BRDA:182,20,1,0
BRDA:193,21,0,0
BRDA:193,21,1,0
BRDA:202,22,0,0
BRDA:202,22,1,0
BRDA:211,23,0,0
BRDA:211,23,1,0
BRDA:230,24,0,0
BRDA:230,24,1,2
BRDA:246,25,0,0
BRDA:246,25,1,2
BRDA:254,26,0,0
BRDA:254,26,1,2
BRDA:276,27,0,0
BRDA:276,27,1,2
BRDA:289,28,0,2
BRDA:289,28,1,2
BRDA:289,28,2,2
BRDA:289,29,0,0
BRDA:289,29,1,2
BRDA:290,30,0,0
BRDA:290,30,1,2
BRDA:296,31,0,0
BRDA:296,31,1,0
BRDA:305,32,0,0
BRDA:305,32,1,0
BRDA:312,33,0,0
BRDA:312,33,1,0
BRDA:352,34,0,0
BRDA:352,34,1,2
BRDA:372,35,0,0
BRDA:372,35,1,2
BRDA:380,36,0,0
BRDA:380,36,1,2
BRDA:418,37,0,2
BRDA:418,37,1,0
BRDA:419,38,0,2
BRDA:419,38,1,0
BRDA:420,39,0,2
BRDA:420,39,1,0
BRDA:472,40,0,1
BRDA:472,40,1,1
BRDA:474,41,0,1
BRDA:474,41,1,0
BRDA:478,42,0,1
BRDA:478,42,1,1
BRDA:478,43,0,1
BRDA:478,43,1,1
BRDA:478,44,0,1
BRDA:478,44,1,0
BRDA:478,45,0,0
BRDA:478,45,1,1
BRDA:484,46,0,1
BRDA:484,46,1,0
BRDA:498,47,0,0
BRDA:498,47,1,1
BRDA:506,48,0,0
BRDA:506,48,1,0
BRDA:520,49,0,0
BRDA:520,49,1,0
BRF:101
BRH:27
end_of_record
TN:
SF:(app-pages-browser)/node_modules/next/dist/client/components/match-segments.js
FN:6,_export
FN:13,(anonymous)
FN:16,(anonymous)
FN:21,(anonymous)
FN:35,(anonymous)
FN:54,(anonymous)
FN:74,(anonymous)
FNF:7
FNH:4
FNDA:1,_export
FNDA:2,(anonymous)
FNDA:2,(anonymous)
FNDA:0,(anonymous)
FNDA:0,(anonymous)
FNDA:1,(anonymous)
FNDA:0,(anonymous)
DA:2,1
DA:3,1
DA:4,1
DA:5,1
DA:6,1
DA:7,2
DA:8,2
DA:9,2
DA:10,2
DA:11,1
DA:12,1
DA:13,2
DA:14,2
DA:15,2
DA:16,2
DA:17,2
DA:18,2
DA:19,1
DA:20,1
DA:21,1
DA:23,0
DA:24,0
DA:26,0
DA:27,0
DA:28,0
DA:29,0
DA:30,0
DA:31,0
DA:32,0
DA:33,0
DA:34,1
DA:35,1
DA:36,0
DA:37,0
DA:38,0
DA:39,0
DA:40,0
DA:41,1
DA:42,1
DA:43,0
DA:44,0
DA:45,0
DA:46,0
DA:47,0
DA:48,1
DA:51,1
DA:53,1
DA:54,1
DA:55,1
DA:59,1
DA:61,1
DA:63,1
DA:65,1
DA:68,1
DA:71,1
DA:74,0
DA:75,0
DA:76,0
DA:77,0
DA:81,0
DA:85,0
DA:93,0
DA:94,0
DA:95,0
DA:96,0
DA:97,0
DA:98,0
DA:99,0
DA:100,0
DA:101,1
DA:106,1
DA:107,1
DA:108,0
DA:109,0
DA:110,1
DA:111,1
DA:112,1
LF:77
LH:41
BRDA:23,0,0,0
BRDA:23,0,1,0
BRDA:24,1,0,0
BRDA:24,1,1,0
BRDA:30,2,0,0
BRDA:30,2,1,0
BRDA:33,3,0,0
BRDA:33,3,1,0
BRDA:37,4,0,0
BRDA:37,4,1,0
BRDA:37,5,0,0
BRDA:37,5,1,0
BRDA:40,6,0,0
BRDA:40,6,1,0
BRDA:59,7,0,1
BRDA:59,7,1,1
BRDA:61,8,0,1
BRDA:61,8,1,0
BRDA:65,9,0,1
BRDA:65,9,1,1
BRDA:65,10,0,1
BRDA:65,10,1,1
BRDA:65,11,0,1
BRDA:65,11,1,0
BRDA:65,12,0,0
BRDA:65,12,1,1
BRDA:71,13,0,0
BRDA:71,13,1,1
BRDA:85,14,0,0
BRDA:85,14,1,0
BRDA:93,15,0,0
BRDA:93,15,1,0
BRDA:107,16,0,0
BRDA:107,16,1,1
BRF:34
BRH:11
end_of_record
TN:
SF:(app-pages-browser)/node_modules/next/dist/client/components/navigation.js
FN:8,_export
FN:15,(anonymous)
FN:18,(anonymous)
FN:21,(anonymous)
FN:24,(anonymous)
FN:27,(anonymous)
FN:30,(anonymous)
FN:33,(anonymous)
FN:36,(anonymous)
FN:39,(anonymous)
FN:42,(anonymous)
FN:45,(anonymous)
FN:48,(anonymous)
FN:51,(anonymous)
FN:81,useSearchParams
FN:86,(anonymous)
FN:120,usePathname
FN:142,useRouter
FN:165,useParams
FN:168,getSelectedLayoutSegmentPath
FN:214,useSelectedLayoutSegments
FN:238,useSelectedLayoutSegment
FN:250,(anonymous)
FN:267,(anonymous)
FN:287,(anonymous)
FNF:25
FNH:17
FNDA:1,_export
FNDA:2,(anonymous)
FNDA:2,(anonymous)
FNDA:2,(anonymous)
FNDA:2,(anonymous)
FNDA:2,(anonymous)
FNDA:2,(anonymous)
FNDA:2,(anonymous)
FNDA:10,(anonymous)
FNDA:10,(anonymous)
FNDA:2,(anonymous)
FNDA:2,(anonymous)
FNDA:2,(anonymous)
FNDA:2,(anonymous)
FNDA:0,useSearchParams
FNDA:0,(anonymous)
FNDA:8,usePathname
FNDA:8,useRouter
FNDA:0,useParams
FNDA:0,getSelectedLayoutSegmentPath
FNDA:0,useSelectedLayoutSegments
FNDA:0,useSelectedLayoutSegment
FNDA:0,(anonymous)
FNDA:1,(anonymous)
FNDA:0,(anonymous)
DA:2,1
DA:3,1
DA:4,1
DA:5,1
DA:6,1
DA:7,1
DA:8,1
DA:9,13
DA:10,13
DA:11,13
DA:12,13
DA:13,1
DA:14,1
DA:15,2
DA:16,2
DA:17,2
DA:18,2
DA:19,2
DA:20,2
DA:21,2
DA:22,2
DA:23,2
DA:24,2
DA:25,2
DA:26,2
DA:27,2
DA:28,2
DA:29,2
DA:30,2
DA:31,2
DA:32,2
DA:33,2
DA:34,2
DA:35,2
DA:36,10
DA:37,10
DA:38,10
DA:39,10
DA:40,10
DA:41,10
DA:42,2
DA:43,2
DA:44,2
DA:45,2
DA:46,2
DA:47,2
DA:48,2
DA:49,2
DA:50,2
DA:51,2
DA:52,2
DA:53,2
DA:54,1
DA:55,1
DA:56,1
DA:57,1
DA:58,1
DA:59,1
DA:60,1
DA:61,1
DA:81,1
DA:82,0
DA:86,0
DA:87,0
DA:90,0
DA:91,0
DA:92,0
DA:93,0
DA:94,0
DA:95,0
DA:96,0
DA:98,0
DA:100,0
DA:101,0
DA:102,0
DA:103,0
DA:120,8
DA:123,8
DA:124,8
DA:142,8
DA:143,8
DA:144,8
DA:145,0
DA:146,0
DA:147,8
DA:148,8
DA:165,1
DA:166,0
DA:167,0
DA:168,1
DA:169,0
DA:170,0
DA:171,0
DA:172,0
DA:174,0
DA:175,0
DA:177,0
DA:178,0
DA:179,0
DA:180,0
DA:181,0
DA:182,0
DA:183,0
DA:184,0
DA:185,0
DA:186,0
DA:187,0
DA:188,0
DA:189,0
DA:214,1
DA:215,0
DA:216,0
DA:218,0
DA:219,0
DA:220,0
DA:238,1
DA:239,0
DA:240,0
DA:241,0
DA:242,0
DA:243,0
DA:244,0
DA:245,0
DA:248,0
DA:249,0
DA:250,1
DA:251,0
DA:252,0
DA:253,0
DA:254,1
DA:255,1
DA:256,0
DA:257,0
DA:258,0
DA:259,0
DA:260,0
DA:261,1
DA:264,1
DA:266,1
DA:267,1
DA:268,1
DA:272,1
DA:274,1
DA:276,1
DA:278,1
DA:281,1
DA:284,1
DA:287,0
DA:288,0
DA:289,0
DA:290,0
DA:294,0
DA:298,0
DA:306,0
DA:307,0
DA:308,0
DA:309,0
DA:310,0
DA:311,0
DA:312,0
DA:313,0
DA:314,1
DA:319,1
DA:320,1
DA:321,0
DA:322,0
DA:323,1
DA:324,1
DA:325,1
LF:169
LH:93
BRDA:87,0,0,0
BRDA:87,0,1,0
BRDA:96,1,0,0
BRDA:96,1,1,0
BRDA:144,2,0,0
BRDA:144,2,1,8
BRDA:169,3,0,0
BRDA:169,3,1,0
BRDA:170,4,0,0
BRDA:170,4,1,0
BRDA:172,5,0,0
BRDA:172,5,1,0
BRDA:179,6,0,0
BRDA:179,6,1,0
BRDA:181,7,0,0
BRDA:181,7,1,0
BRDA:184,8,0,0
BRDA:184,8,1,0
BRDA:184,9,0,0
BRDA:184,9,1,0
BRDA:215,10,0,0
BRDA:215,10,1,0
BRDA:218,11,0,0
BRDA:218,11,1,0
BRDA:240,12,0,0
BRDA:240,12,1,0
BRDA:242,13,0,0
BRDA:242,13,1,0
BRDA:242,14,0,0
BRDA:242,14,1,0
BRDA:245,15,0,0
BRDA:245,15,1,0
BRDA:248,16,0,0
BRDA:248,16,1,0
BRDA:272,17,0,1
BRDA:272,17,1,1
BRDA:274,18,0,1
BRDA:274,18,1,0
BRDA:278,19,0,1
BRDA:278,19,1,1
BRDA:278,20,0,1
BRDA:278,20,1,1
BRDA:278,21,0,1
BRDA:278,21,1,0
BRDA:278,22,0,0
BRDA:278,22,1,1
BRDA:284,23,0,0
BRDA:284,23,1,1
BRDA:298,24,0,0
BRDA:298,24,1,0
BRDA:306,25,0,0
BRDA:306,25,1,0
BRDA:320,26,0,0
BRDA:320,26,1,1
BRF:54
BRH:12
end_of_record
TN:
SF:(app-pages-browser)/node_modules/next/dist/client/components/navigation.react-server.js
FN:6,_export
FN:13,(anonymous)
FN:16,(anonymous)
FN:19,(anonymous)
FN:22,(anonymous)
FN:25,(anonymous)
FN:32,(anonymous)
FN:37,(anonymous)
FN:40,(anonymous)
FN:43,(anonymous)
FN:46,(anonymous)
FN:62,(anonymous)
FN:82,(anonymous)
FNF:13
FNH:7
FNDA:1,_export
FNDA:4,(anonymous)
FNDA:4,(anonymous)
FNDA:4,(anonymous)
FNDA:4,(anonymous)
FNDA:4,(anonymous)
FNDA:0,(anonymous)
FNDA:0,(anonymous)
FNDA:0,(anonymous)
FNDA:0,(anonymous)
FNDA:0,(anonymous)
FNDA:1,(anonymous)
FNDA:0,(anonymous)
DA:1,1
DA:2,1
DA:3,1
DA:4,1
DA:5,1
DA:6,1
DA:7,5
DA:8,5
DA:9,5
DA:10,5
DA:11,1
DA:12,1
DA:13,4
DA:14,4
DA:15,4
DA:16,4
DA:17,4
DA:18,4
DA:19,4
DA:20,4
DA:21,4
DA:22,4
DA:23,4
DA:24,4
DA:25,4
DA:26,4
DA:27,4
DA:28,1
DA:29,1
DA:30,1
DA:31,1
DA:32,0
DA:33,0
DA:34,0
DA:35,1
DA:36,1
DA:37,1
DA:38,0
DA:39,0
DA:40,1
DA:41,0
DA:42,0
DA:43,1
DA:44,0
DA:45,0
DA:46,1
DA:47,0
DA:48,0
DA:49,1
DA:50,1
DA:51,0
DA:52,0
DA:53,0
DA:54,0
DA:55,0
DA:56,1
DA:59,1
DA:61,1
DA:62,1
DA:63,1
DA:67,1
DA:69,1
DA:71,1
DA:73,1
DA:76,1
DA:79,1
DA:82,0
DA:83,0
DA:84,0
DA:85,0
DA:89,0
DA:93,0
DA:101,0
DA:102,0
DA:103,0
DA:104,0
DA:105,0
DA:106,0
DA:107,0
DA:108,0
DA:109,1
DA:114,1
DA:115,1
DA:116,0
DA:117,0
DA:118,1
DA:119,1
DA:120,1
LF:88
LH:56
BRDA:67,0,0,1
BRDA:67,0,1,1
BRDA:69,1,0,1
BRDA:69,1,1,0
BRDA:73,2,0,1
BRDA:73,2,1,1
BRDA:73,3,0,1
BRDA:73,3,1,1
BRDA:73,4,0,1
BRDA:73,4,1,0
BRDA:73,5,0,0
BRDA:73,5,1,1
BRDA:79,6,0,0
BRDA:79,6,1,1
BRDA:93,7,0,0
BRDA:93,7,1,0
BRDA:101,8,0,0
BRDA:101,8,1,0
BRDA:115,9,0,0
BRDA:115,9,1,1
BRF:20
BRH:11
end_of_record
TN:
SF:(app-pages-browser)/node_modules/next/dist/client/components/not-found-boundary.js
FN:7,(anonymous)
FN:19,(anonymous)
FN:24,(anonymous)
FN:24,(anonymous)
FN:30,(anonymous)
FN:39,(anonymous)
FN:56,(anonymous)
FN:75,(anonymous)
FN:83,NotFoundBoundary
FN:113,(anonymous)
FN:133,(anonymous)
FNF:11
FNH:6
FNDA:6,(anonymous)
FNDA:0,(anonymous)
FNDA:0,(anonymous)
FNDA:0,(anonymous)
FNDA:0,(anonymous)
FNDA:4,(anonymous)
FNDA:4,(anonymous)
FNDA:4,(anonymous)
FNDA:4,NotFoundBoundary
FNDA:1,(anonymous)
FNDA:0,(anonymous)
DA:1,1
DA:2,1
DA:3,1
DA:4,1
DA:5,1
DA:6,1
DA:7,6
DA:8,6
DA:9,6
DA:10,1
DA:11,1
DA:12,1
DA:13,1
DA:14,1
DA:15,1
DA:16,1
DA:17,1
DA:18,1
DA:19,0
DA:20,0
DA:21,0
DA:22,0
DA:23,0
DA:24,0
DA:25,0
DA:26,0
DA:27,0
DA:28,0
DA:29,0
DA:30,1
DA:31,0
DA:32,0
DA:33,0
DA:34,0
DA:35,0
DA:37,0
DA:38,0
DA:39,4
DA:45,4
DA:46,0
DA:47,0
DA:48,0
DA:49,0
DA:50,0
DA:51,4
DA:52,4
DA:53,4
DA:54,4
DA:55,4
DA:56,4
DA:57,4
DA:58,0
DA:59,0
DA:60,0
DA:61,0
DA:62,0
DA:63,0
DA:64,0
DA:65,0
DA:66,0
DA:67,0
DA:68,0
DA:69,0
DA:70,0
DA:71,0
DA:72,0
DA:73,4
DA:74,4
DA:75,4
DA:76,4
DA:77,4
DA:78,4
DA:79,4
DA:80,4
DA:81,4
DA:82,1
DA:83,4
DA:84,4
DA:85,4
DA:86,4
DA:87,4
DA:88,4
DA:89,4
DA:90,4
DA:91,4
DA:92,4
DA:93,4
DA:94,4
DA:95,0
DA:96,4
DA:97,4
DA:98,1
DA:99,1
DA:100,0
DA:101,0
DA:102,0
DA:103,0
DA:104,0
DA:105,1
DA:106,1
DA:107,1
DA:110,1
DA:112,1
DA:113,1
DA:114,1
DA:118,1
DA:120,1
DA:122,1
DA:124,1
DA:127,1
DA:130,1
DA:133,1
DA:134,0
DA:135,0
DA:136,1
DA:140,1
DA:144,1
DA:152,0
DA:153,0
DA:154,0
DA:155,0
DA:156,0
DA:157,0
DA:158,0
DA:159,1
DA:160,0
DA:165,0
DA:166,0
DA:167,0
DA:168,0
DA:169,0
DA:170,1
DA:171,1
LF:133
LH:74
BRDA:20,0,0,0
BRDA:20,0,1,0
BRDA:21,1,0,0
BRDA:21,1,1,0
BRDA:23,2,0,0
BRDA:23,2,1,0
BRDA:31,3,0,0
BRDA:31,3,1,0
BRDA:45,4,0,4
BRDA:45,4,1,0
BRDA:45,5,0,0
BRDA:45,5,1,4
BRDA:57,6,0,0
BRDA:57,6,1,4
BRDA:64,7,0,0
BRDA:64,7,1,0
BRDA:87,8,0,4
BRDA:87,8,1,0
BRDA:118,9,0,1
BRDA:118,9,1,1
BRDA:120,10,0,1
BRDA:120,10,1,0
BRDA:124,11,0,1
BRDA:124,11,1,1
BRDA:124,12,0,1
BRDA:124,12,1,1
BRDA:124,13,0,1
BRDA:124,13,1,0
BRDA:124,14,0,0
BRDA:124,14,1,1
BRDA:130,15,0,1
BRDA:130,15,1,0
BRDA:144,16,0,0
BRDA:144,16,1,1
BRDA:152,17,0,0
BRDA:152,17,1,0
BRDA:166,18,0,0
BRDA:166,18,1,0
BRF:38
BRH:15
end_of_record
TN:
SF:(app-pages-browser)/node_modules/next/dist/client/components/not-found.js
FN:6,_export
FN:13,(anonymous)
FN:16,(anonymous)
FN:21,notFound
FN:27,isNotFoundError
FN:45,(anonymous)
FN:65,(anonymous)
FNF:7
FNH:4
FNDA:1,_export
FNDA:2,(anonymous)
FNDA:6,(anonymous)
FNDA:0,notFound
FNDA:0,isNotFoundError
FNDA:1,(anonymous)
FNDA:0,(anonymous)
DA:2,1
DA:3,1
DA:4,1
DA:5,1
DA:6,1
DA:7,2
DA:8,2
DA:9,2
DA:10,2
DA:11,1
DA:12,1
DA:13,2
DA:14,2
DA:15,2
DA:16,6
DA:17,6
DA:18,6
DA:19,1
DA:20,1
DA:21,0
DA:23,0
DA:24,0
DA:25,0
DA:26,0
DA:27,0
DA:28,0
DA:29,0
DA:30,0
DA:31,0
DA:32,0
DA:33,1
DA:34,0
DA:35,0
DA:36,0
DA:37,0
DA:38,0
DA:39,1
DA:42,1
DA:44,1
DA:45,1
DA:46,1
DA:50,1
DA:52,1
DA:54,1
DA:56,1
DA:59,1
DA:62,1
DA:65,0
DA:66,0
DA:67,0
DA:68,0
DA:72,0
DA:76,0
DA:84,0
DA:85,0
DA:86,0
DA:87,0
DA:88,0
DA:89,0
DA:90,0
DA:91,0
DA:92,1
DA:97,1
DA:98,1
DA:99,0
DA:100,0
DA:101,1
DA:102,1
DA:103,1
LF:69
LH:37
BRDA:28,0,0,0
BRDA:28,0,1,0
BRDA:28,0,2,0
BRDA:28,1,0,0
BRDA:28,1,1,0
BRDA:50,2,0,1
BRDA:50,2,1,1
BRDA:52,3,0,1
BRDA:52,3,1,0
BRDA:56,4,0,1
BRDA:56,4,1,1
BRDA:56,5,0,1
BRDA:56,5,1,1
BRDA:56,6,0,1
BRDA:56,6,1,0
BRDA:56,7,0,0
BRDA:56,7,1,1
BRDA:62,8,0,0
BRDA:62,8,1,1
BRDA:76,9,0,0
BRDA:76,9,1,0
BRDA:84,10,0,0
BRDA:84,10,1,0
BRDA:98,11,0,0
BRDA:98,11,1,1
BRF:25
BRH:11
end_of_record
TN:
SF:(app-pages-browser)/node_modules/next/dist/client/components/promise-queue.js
FN:12,(anonymous)
FN:20,(anonymous)
FN:23,(anonymous)
FN:27,(anonymous)
FN:48,(anonymous)
FN:49,(anonymous)
FN:56,(anonymous)
FN:77,processNext
FN:96,(anonymous)
FN:116,(anonymous)
FNF:10
FNH:3
FNDA:3,(anonymous)
FNDA:0,(anonymous)
FNDA:0,(anonymous)
FNDA:0,(anonymous)
FNDA:0,(anonymous)
FNDA:0,(anonymous)
FNDA:1,(anonymous)
FNDA:0,processNext
FNDA:1,(anonymous)
FNDA:0,(anonymous)
DA:6,1
DA:7,1
DA:8,1
DA:9,1
DA:10,1
DA:11,1
DA:12,3
DA:13,3
DA:14,3
DA:15,1
DA:16,1
DA:17,1
DA:18,1
DA:19,1
DA:20,0
DA:21,0
DA:22,0
DA:23,0
DA:24,0
DA:25,0
DA:26,0
DA:27,0
DA:28,0
DA:29,0
DA:30,0
DA:31,0
DA:32,0
DA:33,0
DA:34,0
DA:35,0
DA:36,0
DA:37,0
DA:38,0
DA:39,0
DA:40,0
DA:41,0
DA:42,0
DA:44,0
DA:45,0
DA:46,0
DA:47,0
DA:48,0
DA:49,0
DA:50,0
DA:51,0
DA:52,0
DA:53,0
DA:54,0
DA:55,0
DA:56,1
DA:57,1
DA:58,1
DA:59,1
DA:60,1
DA:61,1
DA:62,1
DA:63,1
DA:64,1
DA:65,1
DA:66,1
DA:67,1
DA:68,1
DA:69,1
DA:70,1
DA:71,1
DA:72,1
DA:73,1
DA:74,1
DA:75,1
DA:76,1
DA:77,0
DA:78,0
DA:79,0
DA:80,0
DA:81,0
DA:82,0
DA:83,0
DA:84,1
DA:85,0
DA:86,0
DA:87,0
DA:88,0
DA:89,0
DA:90,1
DA:93,1
DA:95,1
DA:96,1
DA:97,1
DA:101,1
DA:103,1
DA:105,1
DA:107,1
DA:110,1
DA:113,1
DA:116,0
DA:117,0
DA:118,0
DA:119,0
DA:123,0
DA:127,0
DA:135,0
DA:136,0
DA:137,0
DA:138,0
DA:139,0
DA:140,0
DA:141,0
DA:142,0
DA:143,1
DA:148,1
DA:149,1
DA:150,0
DA:151,0
DA:152,1
DA:153,1
DA:154,1
LF:116
LH:53
BRDA:50,0,0,0
BRDA:50,0,1,0
BRDA:78,1,0,0
BRDA:78,1,1,0
BRDA:79,2,0,0
BRDA:79,2,1,0
BRDA:79,2,2,0
BRDA:79,3,0,0
BRDA:79,3,1,0
BRDA:81,4,0,0
BRDA:81,4,1,0
BRDA:101,5,0,1
BRDA:101,5,1,1
BRDA:103,6,0,1
BRDA:103,6,1,0
BRDA:107,7,0,1
BRDA:107,7,1,1
BRDA:107,8,0,1
BRDA:107,8,1,1
BRDA:107,9,0,1
BRDA:107,9,1,0
BRDA:107,10,0,0
BRDA:107,10,1,1
BRDA:113,11,0,0
BRDA:113,11,1,1
BRDA:127,12,0,0
BRDA:127,12,1,0
BRDA:135,13,0,0
BRDA:135,13,1,0
BRDA:149,14,0,0
BRDA:149,14,1,1
BRF:31
BRH:11
end_of_record
TN:
SF:(app-pages-browser)/node_modules/next/dist/client/components/react-dev-overlay/app/ReactDevOverlay.js
FN:7,(anonymous)
FN:24,(anonymous)
FN:39,(anonymous)
FN:42,(anonymous)
FN:86,(anonymous)
FN:105,(anonymous)
FN:125,(anonymous)
FNF:7
FNH:4
FNDA:6,(anonymous)
FNDA:0,(anonymous)
FNDA:0,(anonymous)
FNDA:4,(anonymous)
FNDA:2,(anonymous)
FNDA:1,(anonymous)
FNDA:0,(anonymous)
DA:2,1
DA:3,1
DA:4,1
DA:5,1
DA:6,1
DA:7,6
DA:8,6
DA:9,6
DA:10,1
DA:11,1
DA:12,1
DA:13,1
DA:14,1
DA:15,1
DA:16,1
DA:17,1
DA:18,1
DA:19,1
DA:20,1
DA:21,1
DA:22,1
DA:23,1
DA:24,1
DA:25,0
DA:26,0
DA:27,0
DA:28,0
DA:29,0
DA:30,0
DA:31,0
DA:32,0
DA:33,0
DA:34,0
DA:35,0
DA:36,0
DA:37,0
DA:38,0
DA:39,0
DA:40,0
DA:41,0
DA:42,4
DA:43,4
DA:44,4
DA:45,4
DA:46,4
DA:47,4
DA:48,4
DA:49,4
DA:50,4
DA:51,4
DA:52,4
DA:53,0
DA:54,0
DA:55,0
DA:56,0
DA:57,4
DA:58,4
DA:59,0
DA:60,0
DA:61,0
DA:62,0
DA:63,0
DA:64,0
DA:65,0
DA:66,0
DA:67,0
DA:68,0
DA:69,0
DA:70,0
DA:71,0
DA:72,0
DA:73,0
DA:74,0
DA:75,0
DA:76,0
DA:77,0
DA:78,0
DA:79,0
DA:80,0
DA:81,0
DA:82,4
DA:83,4
DA:84,4
DA:85,4
DA:86,2
DA:87,2
DA:88,2
DA:89,2
DA:90,2
DA:91,2
DA:92,1
DA:93,1
DA:94,1
DA:95,1
DA:96,1
DA:97,1
DA:98,1
DA:99,1
DA:102,1
DA:104,1
DA:105,1
DA:106,1
DA:110,1
DA:112,1
DA:114,1
DA:116,1
DA:119,1
DA:122,1
DA:125,1
DA:126,0
DA:127,0
DA:128,1
DA:132,1
DA:136,1
DA:144,0
DA:145,0
DA:146,0
DA:147,0
DA:148,0
DA:149,0
DA:150,0
DA:151,1
DA:152,0
DA:157,0
DA:158,0
DA:159,0
DA:160,0
DA:161,0
DA:162,1
DA:163,1
LF:130
LH:71
BRDA:25,0,0,0
BRDA:25,0,1,0
BRDA:48,1,0,0
BRDA:48,1,1,4
BRDA:49,2,0,4
BRDA:49,2,1,4
BRDA:49,2,2,4
BRDA:49,2,3,4
BRDA:52,3,0,0
BRDA:52,3,1,4
BRDA:58,4,0,0
BRDA:58,4,1,4
BRDA:63,5,0,0
BRDA:63,5,1,0
BRDA:63,6,0,0
BRDA:63,6,1,0
BRDA:65,7,0,0
BRDA:65,7,1,0
BRDA:68,8,0,0
BRDA:68,8,1,0
BRDA:75,9,0,0
BRDA:75,9,1,0
BRDA:110,10,0,1
BRDA:110,10,1,1
BRDA:112,11,0,1
BRDA:112,11,1,0
BRDA:116,12,0,1
BRDA:116,12,1,1
BRDA:116,13,0,1
BRDA:116,13,1,1
BRDA:116,14,0,1
BRDA:116,14,1,0
BRDA:116,15,0,0
BRDA:116,15,1,1
BRDA:122,16,0,1
BRDA:122,16,1,0
BRDA:136,17,0,0
BRDA:136,17,1,1
BRDA:144,18,0,0
BRDA:144,18,1,0
BRDA:158,19,0,0
BRDA:158,19,1,0
BRF:42
BRH:18
end_of_record
TN:
SF:(app-pages-browser)/node_modules/next/dist/client/components/react-dev-overlay/app/hot-reloader-client.js
FN:7,(anonymous)
FN:30,onBeforeFastRefresh
FN:35,onFastRefresh
FN:40,reportHmrLatency
FN:58,handleAvailableHash
FN:66,isUpdateAvailable
FN:73,canApplyUpdates
FN:77,afterApplyUpdates
FN:81,handler
FN:92,performFullReload
FN:105,tryApplyUpdates
FN:110,handleApplyUpdates
FN:127,(anonymous)
FN:127,(anonymous)
FN:135,(anonymous)
FN:146,(anonymous)
FN:148,(anonymous)
FN:152,processMessage
FN:156,handleErrors
FN:172,handleHotUpdate
FN:174,onBeforeHotUpdate
FN:176,onSuccessfulHotUpdate
FN:276,(anonymous)
FN:320,HotReload
FN:323,(anonymous)
FN:325,(anonymous)
FN:330,(anonymous)
FN:336,(anonymous)
FN:341,(anonymous)
FN:346,(anonymous)
FN:356,(anonymous)
FN:371,(anonymous)
FN:380,(anonymous)
FN:387,(anonymous)
FN:389,(anonymous)
FN:392,(anonymous)
FN:402,(anonymous)
FN:431,(anonymous)
FN:451,(anonymous)
FNF:39
FNH:16
FNDA:6,(anonymous)
FNDA:0,onBeforeFastRefresh
FNDA:0,onFastRefresh
FNDA:0,reportHmrLatency
FNDA:1,handleAvailableHash
FNDA:0,isUpdateAvailable
FNDA:0,canApplyUpdates
FNDA:0,afterApplyUpdates
FNDA:0,handler
FNDA:0,performFullReload
FNDA:0,tryApplyUpdates
FNDA:0,handleApplyUpdates
FNDA:0,(anonymous)
FNDA:0,(anonymous)
FNDA:0,(anonymous)
FNDA:0,(anonymous)
FNDA:0,(anonymous)
FNDA:1,processMessage
FNDA:0,handleErrors
FNDA:0,handleHotUpdate
FNDA:1,onBeforeHotUpdate
FNDA:1,onSuccessfulHotUpdate
FNDA:0,(anonymous)
FNDA:4,HotReload
FNDA:2,(anonymous)
FNDA:4,(anonymous)
FNDA:4,(anonymous)
FNDA:4,(anonymous)
FNDA:4,(anonymous)
FNDA:4,(anonymous)
FNDA:0,(anonymous)
FNDA:0,(anonymous)
FNDA:0,(anonymous)
FNDA:0,(anonymous)
FNDA:2,(anonymous)
FNDA:1,(anonymous)
FNDA:1,(anonymous)
FNDA:1,(anonymous)
FNDA:0,(anonymous)
DA:2,1
DA:3,1
DA:4,1
DA:5,1
DA:6,1
DA:7,6
DA:8,6
DA:9,6
DA:10,1
DA:11,1
DA:12,1
DA:13,1
DA:14,1
DA:15,1
DA:16,1
DA:17,1
DA:18,1
DA:19,1
DA:20,1
DA:21,1
DA:22,1
DA:23,1
DA:24,1
DA:25,1
DA:26,1
DA:27,1
DA:28,1
DA:29,1
DA:30,0
DA:31,0
DA:32,0
DA:33,0
DA:34,0
DA:35,0
DA:36,0
DA:37,0
DA:38,0
DA:39,0
DA:40,0
DA:41,0
DA:42,0
DA:43,0
DA:44,0
DA:45,0
DA:46,0
DA:47,0
DA:48,0
DA:49,0
DA:50,0
DA:51,0
DA:54,0
DA:55,0
DA:56,0
DA:58,1
DA:60,1
DA:61,1
DA:66,1
DA:67,0
DA:68,0
DA:70,0
DA:71,0
DA:73,0
DA:75,0
DA:76,0
DA:77,0
DA:78,0
DA:79,0
DA:80,0
DA:81,0
DA:82,0
DA:84,0
DA:85,0
DA:86,0
DA:87,0
DA:89,0
DA:90,0
DA:91,0
DA:92,0
DA:93,0
DA:94,0
DA:95,0
DA:96,0
DA:97,0
DA:98,0
DA:99,0
DA:100,0
DA:101,0
DA:102,0
DA:103,0
DA:105,0
DA:106,0
DA:107,0
DA:108,0
DA:109,0
DA:110,0
DA:111,0
DA:112,0
DA:113,0
DA:114,0
DA:115,0
DA:116,0
DA:117,0
DA:118,0
DA:119,0
DA:120,0
DA:121,0
DA:123,0
DA:124,0
DA:125,0
DA:127,0
DA:128,0
DA:129,0
DA:130,0
DA:131,0
DA:132,0
DA:135,0
DA:136,0
DA:137,0
DA:138,0
DA:139,0
DA:140,0
DA:141,0
DA:142,0
DA:145,0
DA:146,0
DA:147,0
DA:148,0
DA:149,0
DA:150,0
DA:151,0
DA:152,1
DA:153,1
DA:154,0
DA:155,0
DA:156,0
DA:158,0
DA:159,0
DA:160,0
DA:161,0
DA:163,0
DA:165,0
DA:166,0
DA:167,0
DA:170,0
DA:171,0
DA:172,0
DA:173,0
DA:174,0
DA:175,0
DA:176,0
DA:179,0
DA:180,0
DA:181,0
DA:182,0
DA:183,1
DA:184,0
DA:185,0
DA:186,0
DA:187,0
DA:188,0
DA:189,0
DA:190,0
DA:191,1
DA:192,1
DA:193,1
DA:194,1
DA:195,1
DA:196,1
DA:198,1
DA:199,1
DA:201,1
DA:202,0
DA:203,0
DA:204,0
DA:205,0
DA:206,0
DA:207,0
DA:208,0
DA:209,0
DA:210,1
DA:211,1
DA:212,0
DA:213,0
DA:214,0
DA:215,0
DA:216,0
DA:218,0
DA:219,0
DA:220,0
DA:221,0
DA:222,0
DA:223,0
DA:224,0
DA:225,0
DA:226,0
DA:227,0
DA:228,0
DA:230,0
DA:231,1
DA:232,1
DA:233,1
DA:234,1
DA:235,1
DA:237,0
DA:238,0
DA:239,1
DA:240,1
DA:241,0
DA:242,0
DA:243,0
DA:244,0
DA:245,0
DA:246,0
DA:247,0
DA:248,0
DA:249,0
DA:250,0
DA:251,0
DA:252,0
DA:253,0
DA:254,0
DA:255,0
DA:256,0
DA:257,0
DA:258,0
DA:259,0
DA:260,0
DA:261,0
DA:262,0
DA:263,0
DA:265,0
DA:266,0
DA:267,0
DA:268,0
DA:269,0
DA:270,0
DA:271,0
DA:272,0
DA:273,0
DA:274,0
DA:275,0
DA:276,0
DA:277,0
DA:278,0
DA:279,0
DA:280,0
DA:281,0
DA:282,0
DA:283,0
DA:284,0
DA:285,0
DA:286,0
DA:287,0
DA:288,0
DA:289,0
DA:290,0
DA:291,0
DA:292,0
DA:293,0
DA:294,0
DA:295,0
DA:297,0
DA:298,0
DA:299,0
DA:300,0
DA:301,0
DA:302,0
DA:303,0
DA:304,0
DA:305,0
DA:306,0
DA:307,0
DA:308,0
DA:309,0
DA:310,0
DA:311,0
DA:312,0
DA:313,0
DA:314,0
DA:315,0
DA:316,0
DA:317,0
DA:318,1
DA:319,1
DA:320,4
DA:321,4
DA:322,4
DA:323,2
DA:324,2
DA:325,0
DA:326,0
DA:327,0
DA:328,0
DA:329,2
DA:330,0
DA:331,0
DA:332,0
DA:333,0
DA:334,0
DA:335,2
DA:336,0
DA:337,0
DA:338,0
DA:339,0
DA:340,2
DA:341,0
DA:342,0
DA:343,0
DA:344,0
DA:345,2
DA:346,1
DA:347,1
DA:348,1
DA:349,1
DA:350,1
DA:351,1
DA:352,2
DA:353,2
DA:354,4
DA:355,4
DA:356,4
DA:357,0
DA:359,0
DA:360,0
DA:361,0
DA:362,0
DA:363,0
DA:364,0
DA:365,0
DA:366,0
DA:367,0
DA:368,4
DA:369,4
DA:370,4
DA:371,4
DA:372,0
DA:373,0
DA:374,0
DA:375,0
DA:376,0
DA:377,4
DA:378,4
DA:379,4
DA:380,4
DA:381,0
DA:382,4
DA:383,4
DA:384,4
DA:385,4
DA:386,4
DA:387,4
DA:388,4
DA:389,2
DA:390,2
DA:391,2
DA:392,1
DA:393,1
DA:394,1
DA:395,1
DA:396,1
DA:397,0
DA:398,0
DA:399,0
DA:400,1
DA:401,2
DA:402,1
DA:403,2
DA:404,4
DA:405,4
DA:406,4
DA:407,4
DA:408,4
DA:409,4
DA:410,4
DA:411,4
DA:412,4
DA:413,4
DA:414,4
DA:415,4
DA:416,1
DA:417,1
DA:418,1
DA:419,1
DA:420,1
DA:421,1
DA:422,1
DA:423,1
DA:424,1
DA:425,1
DA:428,1
DA:430,1
DA:431,1
DA:432,1
DA:436,1
DA:438,1
DA:440,1
DA:442,1
DA:445,1
DA:448,1
DA:451,1
DA:452,0
DA:453,0
DA:454,1
DA:458,1
DA:462,1
DA:470,0
DA:471,0
DA:472,0
DA:473,0
DA:474,0
DA:475,0
DA:476,0
DA:477,1
DA:478,0
DA:483,0
DA:484,0
DA:485,0
DA:486,0
DA:487,0
DA:488,1
DA:489,1
LF:421
LH:141
BRDA:31,0,0,0
BRDA:31,0,1,0
BRDA:41,1,0,0
BRDA:41,1,1,0
BRDA:67,2,0,0
BRDA:67,2,1,0
BRDA:78,3,0,0
BRDA:78,3,1,0
BRDA:82,4,0,0
BRDA:82,4,1,0
BRDA:93,5,0,0
BRDA:93,5,1,0
BRDA:93,5,2,0
BRDA:93,5,3,0
BRDA:93,5,4,0
BRDA:98,6,0,0
BRDA:98,6,1,0
BRDA:100,7,0,0
BRDA:100,7,1,0
BRDA:106,8,0,0
BRDA:106,8,1,0
BRDA:106,9,0,0
BRDA:106,9,1,0
BRDA:111,10,0,0
BRDA:111,10,1,0
BRDA:111,10,2,0
BRDA:111,11,0,0
BRDA:111,11,1,0
BRDA:112,12,0,0
BRDA:112,12,1,0
BRDA:114,13,0,0
BRDA:114,13,1,0
BRDA:121,14,0,0
BRDA:121,14,1,0
BRDA:125,15,0,0
BRDA:125,15,1,0
BRDA:127,16,0,0
BRDA:127,16,1,0
BRDA:127,17,0,0
BRDA:127,17,1,0
BRDA:130,18,0,0
BRDA:130,18,1,0
BRDA:136,19,0,0
BRDA:136,19,1,0
BRDA:139,20,0,0
BRDA:139,20,1,0
BRDA:153,21,0,0
BRDA:153,21,1,1
BRDA:170,22,0,0
BRDA:170,22,1,0
BRDA:173,23,0,0
BRDA:173,23,1,0
BRDA:183,24,0,0
BRDA:183,24,1,0
BRDA:183,24,2,1
BRDA:183,24,3,0
BRDA:183,24,4,0
BRDA:183,24,5,0
BRDA:183,24,6,0
BRDA:183,24,7,0
BRDA:183,24,8,0
BRDA:183,24,9,0
BRDA:183,24,10,0
BRDA:183,24,11,0
BRDA:193,25,0,1
BRDA:193,25,1,0
BRDA:198,26,0,1
BRDA:198,26,1,0
BRDA:199,27,0,1
BRDA:199,27,1,1
BRDA:201,28,0,0
BRDA:201,28,1,1
BRDA:210,29,0,1
BRDA:210,29,1,1
BRDA:211,30,0,0
BRDA:211,30,1,1
BRDA:223,31,0,0
BRDA:223,31,1,0
BRDA:235,32,0,0
BRDA:235,32,1,1
BRDA:257,33,0,0
BRDA:257,33,1,0
BRDA:271,34,0,0
BRDA:271,34,1,0
BRDA:272,35,0,0
BRDA:272,35,1,0
BRDA:280,36,0,0
BRDA:280,36,1,0
BRDA:289,37,0,0
BRDA:289,37,1,0
BRDA:302,38,0,0
BRDA:302,38,1,0
BRDA:359,39,0,0
BRDA:359,39,1,0
BRDA:360,40,0,0
BRDA:360,40,1,0
BRDA:365,41,0,0
BRDA:365,41,1,0
BRDA:391,42,0,0
BRDA:391,42,1,2
BRDA:398,43,0,0
BRDA:398,43,1,0
BRDA:398,44,0,0
BRDA:398,44,1,0
BRDA:436,45,0,1
BRDA:436,45,1,1
BRDA:438,46,0,1
BRDA:438,46,1,0
BRDA:442,47,0,1
BRDA:442,47,1,1
BRDA:442,48,0,1
BRDA:442,48,1,1
BRDA:442,49,0,1
BRDA:442,49,1,0
BRDA:442,50,0,0
BRDA:442,50,1,1
BRDA:448,51,0,1
BRDA:448,51,1,0
BRDA:462,52,0,0
BRDA:462,52,1,1
BRDA:470,53,0,0
BRDA:470,53,1,0
BRDA:484,54,0,0
BRDA:484,54,1,0
BRF:124
BRH:23
end_of_record
TN:
SF:(app-pages-browser)/node_modules/next/dist/client/components/react-dev-overlay/internal/components/CodeFrame/CodeFrame.js
FN:9,(anonymous)
FN:22,CodeFrame
FN:26,(anonymous)
FN:29,(anonymous)
FN:29,(anonymous)
FN:29,(anonymous)
FN:33,(anonymous)
FN:39,(anonymous)
FN:101,(anonymous)
FN:132,(anonymous)
FN:152,(anonymous)
FNF:11
FNH:2
FNDA:4,(anonymous)
FNDA:0,CodeFrame
FNDA:0,(anonymous)
FNDA:0,(anonymous)
FNDA:0,(anonymous)
FNDA:0,(anonymous)
FNDA:0,(anonymous)
FNDA:0,(anonymous)
FNDA:0,(anonymous)
FNDA:1,(anonymous)
FNDA:0,(anonymous)
DA:2,1
DA:3,1
DA:4,1
DA:5,1
DA:6,1
DA:7,1
DA:8,1
DA:9,4
DA:10,4
DA:11,4
DA:12,1
DA:13,1
DA:14,1
DA:15,1
DA:16,1
DA:17,1
DA:18,1
DA:19,1
DA:20,1
DA:21,1
DA:22,1
DA:23,0
DA:24,0
DA:26,0
DA:27,0
DA:29,0
DA:32,0
DA:33,0
DA:34,0
DA:35,0
DA:36,0
DA:37,0
DA:38,0
DA:39,0
DA:40,0
DA:41,0
DA:42,0
DA:43,0
DA:44,0
DA:45,0
DA:46,0
DA:47,0
DA:48,0
DA:49,0
DA:50,0
DA:51,0
DA:52,0
DA:54,0
DA:55,0
DA:56,0
DA:57,0
DA:58,0
DA:59,0
DA:60,0
DA:61,0
DA:62,0
DA:63,0
DA:64,0
DA:65,0
DA:66,0
DA:67,0
DA:68,0
DA:69,0
DA:70,0
DA:71,0
DA:72,0
DA:73,0
DA:74,0
DA:75,0
DA:76,0
DA:77,0
DA:78,0
DA:79,0
DA:80,0
DA:81,0
DA:82,0
DA:83,0
DA:84,0
DA:85,0
DA:86,0
DA:87,0
DA:88,0
DA:89,0
DA:90,0
DA:91,0
DA:92,0
DA:93,0
DA:94,0
DA:95,0
DA:96,0
DA:97,0
DA:98,0
DA:99,0
DA:100,0
DA:101,0
DA:102,0
DA:103,0
DA:104,0
DA:105,0
DA:106,0
DA:107,0
DA:108,0
DA:109,0
DA:110,0
DA:111,0
DA:112,0
DA:113,0
DA:114,0
DA:115,1
DA:116,1
DA:117,1
DA:118,1
DA:119,0
DA:120,0
DA:121,0
DA:122,0
DA:123,0
DA:124,1
DA:125,1
DA:126,1
DA:129,1
DA:131,1
DA:132,1
DA:133,1
DA:137,1
DA:139,1
DA:141,1
DA:143,1
DA:146,1
DA:149,1
DA:152,1
DA:153,0
DA:154,0
DA:155,1
DA:159,1
DA:163,1
DA:171,0
DA:172,0
DA:173,0
DA:174,0
DA:175,0
DA:176,0
DA:177,0
DA:178,1
DA:179,0
DA:184,0
DA:185,0
DA:186,0
DA:187,0
DA:188,0
DA:189,1
DA:190,1
LF:152
LH:45
BRDA:29,0,0,0
BRDA:29,0,1,0
BRDA:29,1,0,0
BRDA:29,1,1,0
BRDA:32,2,0,0
BRDA:32,2,1,0
BRDA:33,3,0,0
BRDA:33,3,1,0
BRDA:103,4,0,0
BRDA:103,4,1,0
BRDA:104,5,0,0
BRDA:104,5,1,0
BRDA:106,6,0,0
BRDA:106,6,1,0
BRDA:137,7,0,1
BRDA:137,7,1,1
BRDA:139,8,0,1
BRDA:139,8,1,0
BRDA:143,9,0,1
BRDA:143,9,1,1
BRDA:143,10,0,1
BRDA:143,10,1,1
BRDA:143,11,0,1
BRDA:143,11,1,0
BRDA:143,12,0,0
BRDA:143,12,1,1
BRDA:149,13,0,1
BRDA:149,13,1,0
BRDA:163,14,0,0
BRDA:163,14,1,1
BRDA:171,15,0,0
BRDA:171,15,1,0
BRDA:185,16,0,0
BRDA:185,16,1,0
BRF:34
BRH:11
end_of_record
TN:
SF:(app-pages-browser)/node_modules/next/dist/client/components/react-dev-overlay/internal/components/CodeFrame/index.js
FN:7,(anonymous)
FN:24,(anonymous)
FN:44,(anonymous)
FNF:3
FNH:2
FNDA:2,(anonymous)
FNDA:1,(anonymous)
FNDA:0,(anonymous)
DA:2,1
DA:3,1
DA:4,1
DA:5,1
DA:6,1
DA:7,2
DA:8,2
DA:9,2
DA:10,1
DA:11,1
DA:12,1
DA:13,0
DA:14,0
DA:15,0
DA:16,0
DA:17,0
DA:18,1
DA:21,1
DA:23,1
DA:24,1
DA:25,1
DA:29,1
DA:31,1
DA:33,1
DA:35,1
DA:38,1
DA:41,1
DA:44,1
DA:45,0
DA:46,0
DA:47,1
DA:51,1
DA:55,1
DA:63,0
DA:64,0
DA:65,0
DA:66,0
DA:67,0
DA:68,0
DA:69,0
DA:70,1
DA:71,0
DA:76,0
DA:77,0
DA:78,0
DA:79,0
DA:80,0
DA:81,1
DA:82,1
LF:49
LH:29
BRDA:29,0,0,1
BRDA:29,0,1,1
BRDA:31,1,0,1
BRDA:31,1,1,0
BRDA:35,2,0,1
BRDA:35,2,1,1
BRDA:35,3,0,1
BRDA:35,3,1,1
BRDA:35,4,0,1
BRDA:35,4,1,0
BRDA:35,5,0,0
BRDA:35,5,1,1
BRDA:41,6,0,1
BRDA:41,6,1,0
BRDA:55,7,0,0
BRDA:55,7,1,1
BRDA:63,8,0,0
BRDA:63,8,1,0
BRDA:77,9,0,0
BRDA:77,9,1,0
BRF:20
BRH:11
end_of_record
TN:
SF:(app-pages-browser)/node_modules/next/dist/client/components/react-dev-overlay/internal/components/CodeFrame/styles.js
FN:7,(anonymous)
FN:13,_templateObject
FN:17,(anonymous)
FN:35,(anonymous)
FN:55,(anonymous)
FNF:5
FNH:3
FNDA:2,(anonymous)
FNDA:1,_templateObject
FNDA:0,(anonymous)
FNDA:1,(anonymous)
FNDA:0,(anonymous)
DA:2,1
DA:3,1
DA:4,1
DA:5,1
DA:6,1
DA:7,2
DA:8,2
DA:9,2
DA:10,1
DA:11,1
DA:12,1
DA:13,1
DA:14,1
DA:15,1
DA:16,1
DA:17,1
DA:18,0
DA:19,1
DA:20,1
DA:21,1
DA:22,1
DA:23,1
DA:24,0
DA:25,0
DA:26,0
DA:27,0
DA:28,0
DA:29,1
DA:32,1
DA:34,1
DA:35,1
DA:36,1
DA:40,1
DA:42,1
DA:44,1
DA:46,1
DA:49,1
DA:52,1
DA:55,0
DA:56,0
DA:57,0
DA:58,0
DA:62,0
DA:66,0
DA:74,0
DA:75,0
DA:76,0
DA:77,0
DA:78,0
DA:79,0
DA:80,0
DA:81,0
DA:82,1
DA:87,1
DA:88,1
DA:89,0
DA:90,0
DA:91,1
DA:92,1
DA:93,1
LF:60
LH:38
BRDA:40,0,0,1
BRDA:40,0,1,1
BRDA:42,1,0,1
BRDA:42,1,1,0
BRDA:46,2,0,1
BRDA:46,2,1,1
BRDA:46,3,0,1
BRDA:46,3,1,1
BRDA:46,4,0,1
BRDA:46,4,1,0
BRDA:46,5,0,0
BRDA:46,5,1,1
BRDA:52,6,0,0
BRDA:52,6,1,1
BRDA:66,7,0,0
BRDA:66,7,1,0
BRDA:74,8,0,0
BRDA:74,8,1,0
BRDA:88,9,0,0
BRDA:88,9,1,1
BRF:20
BRH:11
end_of_record
TN:
SF:(app-pages-browser)/node_modules/next/dist/client/components/react-dev-overlay/internal/components/Dialog/Dialog.js
FN:9,(anonymous)
FN:17,Dialog
FN:22,(anonymous)
FN:25,(anonymous)
FN:31,(anonymous)
FN:41,handler
FN:49,handleFocus
FN:57,(anonymous)
FN:98,(anonymous)
FN:118,(anonymous)
FNF:10
FNH:2
FNDA:4,(anonymous)
FNDA:0,Dialog
FNDA:0,(anonymous)
FNDA:0,(anonymous)
FNDA:0,(anonymous)
FNDA:0,handler
FNDA:0,handleFocus
FNDA:0,(anonymous)
FNDA:1,(anonymous)
FNDA:0,(anonymous)
DA:2,1
DA:3,1
DA:4,1
DA:5,1
DA:6,1
DA:7,1
DA:8,1
DA:9,4
DA:10,4
DA:11,4
DA:12,1
DA:13,1
DA:14,1
DA:15,1
DA:16,1
DA:17,1
DA:18,0
DA:19,0
DA:20,0
DA:21,0
DA:22,0
DA:23,0
DA:24,0
DA:25,0
DA:26,0
DA:27,0
DA:28,0
DA:31,0
DA:32,0
DA:33,0
DA:34,0
DA:35,0
DA:37,0
DA:38,0
DA:39,0
DA:40,0
DA:41,0
DA:42,0
DA:43,0
DA:44,0
DA:45,0
DA:46,0
DA:47,0
DA:48,0
DA:49,0
DA:52,0
DA:53,0
DA:54,0
DA:55,0
DA:56,0
DA:57,0
DA:58,0
DA:59,0
DA:60,0
DA:61,0
DA:62,0
DA:63,0
DA:64,0
DA:65,0
DA:66,0
DA:67,0
DA:68,0
DA:69,0
DA:70,0
DA:71,0
DA:72,0
DA:73,0
DA:74,0
DA:75,0
DA:76,0
DA:77,0
DA:78,0
DA:79,0
DA:80,0
DA:81,1
DA:82,1
DA:83,1
DA:84,1
DA:85,0
DA:86,0
DA:87,0
DA:88,0
DA:89,0
DA:90,1
DA:91,1
DA:92,1
DA:95,1
DA:97,1
DA:98,1
DA:99,1
DA:103,1
DA:105,1
DA:107,1
DA:109,1
DA:112,1
DA:115,1
DA:118,1
DA:119,0
DA:120,0
DA:121,1
DA:125,1
DA:129,1
DA:137,0
DA:138,0
DA:139,0
DA:140,0
DA:141,0
DA:142,0
DA:143,0
DA:144,1
DA:145,0
DA:150,0
DA:151,0
DA:152,0
DA:153,0
DA:154,0
DA:155,1
DA:156,1
LF:118
LH:40
BRDA:21,0,0,0
BRDA:21,0,1,0
BRDA:21,1,0,0
BRDA:21,1,1,0
BRDA:27,2,0,0
BRDA:27,2,1,0
BRDA:32,3,0,0
BRDA:32,3,1,0
BRDA:37,4,0,0
BRDA:37,4,1,0
BRDA:43,5,0,0
BRDA:43,5,1,0
BRDA:43,5,2,0
BRDA:43,6,0,0
BRDA:43,6,1,0
BRDA:52,7,0,0
BRDA:52,7,1,0
BRDA:103,8,0,1
BRDA:103,8,1,1
BRDA:105,9,0,1
BRDA:105,9,1,0
BRDA:109,10,0,1
BRDA:109,10,1,1
BRDA:109,11,0,1
BRDA:109,11,1,1
BRDA:109,12,0,1
BRDA:109,12,1,0
BRDA:109,13,0,0
BRDA:109,13,1,1
BRDA:115,14,0,1
BRDA:115,14,1,0
BRDA:129,15,0,0
BRDA:129,15,1,1
BRDA:137,16,0,0
BRDA:137,16,1,0
BRDA:151,17,0,0
BRDA:151,17,1,0
BRF:37
BRH:11
end_of_record
TN:
SF:(app-pages-browser)/node_modules/next/dist/client/components/react-dev-overlay/internal/components/Dialog/DialogBody.js
FN:7,(anonymous)
FN:14,DialogBody
FN:37,(anonymous)
FN:57,(anonymous)
FNF:4
FNH:2
FNDA:4,(anonymous)
FNDA:0,DialogBody
FNDA:1,(anonymous)
FNDA:0,(anonymous)
DA:2,1
DA:3,1
DA:4,1
DA:5,1
DA:6,1
DA:7,4
DA:8,4
DA:9,4
DA:10,1
DA:11,1
DA:12,1
DA:13,1
DA:14,1
DA:15,0
DA:16,0
DA:17,0
DA:18,0
DA:19,0
DA:20,0
DA:21,1
DA:22,1
DA:23,1
DA:24,0
DA:25,0
DA:26,0
DA:27,0
DA:28,0
DA:29,1
DA:30,1
DA:31,1
DA:34,1
DA:36,1
DA:37,1
DA:38,1
DA:42,1
DA:44,1
DA:46,1
DA:48,1
DA:51,1
DA:54,1
DA:57,1
DA:58,0
DA:59,0
DA:60,1
DA:64,1
DA:68,1
DA:76,0
DA:77,0
DA:78,0
DA:79,0
DA:80,0
DA:81,0
DA:82,0
DA:83,1
DA:84,0
DA:89,0
DA:90,0
DA:91,0
DA:92,0
DA:93,0
DA:94,1
DA:95,1
LF:62
LH:36
BRDA:42,0,0,1
BRDA:42,0,1,1
BRDA:44,1,0,1
BRDA:44,1,1,0
BRDA:48,2,0,1
BRDA:48,2,1,1
BRDA:48,3,0,1
BRDA:48,3,1,1
BRDA:48,4,0,1
BRDA:48,4,1,0
BRDA:48,5,0,0
BRDA:48,5,1,1
BRDA:54,6,0,1
BRDA:54,6,1,0
BRDA:68,7,0,0
BRDA:68,7,1,1
BRDA:76,8,0,0
BRDA:76,8,1,0
BRDA:90,9,0,0
BRDA:90,9,1,0
BRF:20
BRH:11
end_of_record
TN:
SF:(app-pages-browser)/node_modules/next/dist/client/components/react-dev-overlay/internal/components/Dialog/DialogContent.js
FN:7,(anonymous)
FN:14,DialogContent
FN:37,(anonymous)
FN:57,(anonymous)
FNF:4
FNH:2
FNDA:4,(anonymous)
FNDA:0,DialogContent
FNDA:1,(anonymous)
FNDA:0,(anonymous)
DA:2,1
DA:3,1
DA:4,1
DA:5,1
DA:6,1
DA:7,4
DA:8,4
DA:9,4
DA:10,1
DA:11,1
DA:12,1
DA:13,1
DA:14,1
DA:15,0
DA:16,0
DA:17,0
DA:18,0
DA:19,0
DA:20,0
DA:21,1
DA:22,1
DA:23,1
DA:24,0
DA:25,0
DA:26,0
DA:27,0
DA:28,0
DA:29,1
DA:30,1
DA:31,1
DA:34,1
DA:36,1
DA:37,1
DA:38,1
DA:42,1
DA:44,1
DA:46,1
DA:48,1
DA:51,1
DA:54,1
DA:57,1
DA:58,0
DA:59,0
DA:60,1
DA:64,1
DA:68,1
DA:76,0
DA:77,0
DA:78,0
DA:79,0
DA:80,0
DA:81,0
DA:82,0
DA:83,1
DA:84,0
DA:89,0
DA:90,0
DA:91,0
DA:92,0
DA:93,0
DA:94,1
DA:95,1
LF:62
LH:36
BRDA:42,0,0,1
BRDA:42,0,1,1
BRDA:44,1,0,1
BRDA:44,1,1,0
BRDA:48,2,0,1
BRDA:48,2,1,1
BRDA:48,3,0,1
BRDA:48,3,1,1
BRDA:48,4,0,1
BRDA:48,4,1,0
BRDA:48,5,0,0
BRDA:48,5,1,1
BRDA:54,6,0,1
BRDA:54,6,1,0
BRDA:68,7,0,0
BRDA:68,7,1,1
BRDA:76,8,0,0
BRDA:76,8,1,0
BRDA:90,9,0,0
BRDA:90,9,1,0
BRF:20
BRH:11
end_of_record
TN:
SF:(app-pages-browser)/node_modules/next/dist/client/components/react-dev-overlay/internal/components/Dialog/DialogHeader.js
FN:7,(anonymous)
FN:14,DialogHeader
FN:37,(anonymous)
FN:57,(anonymous)
FNF:4
FNH:2
FNDA:4,(anonymous)
FNDA:0,DialogHeader
FNDA:1,(anonymous)
FNDA:0,(anonymous)
DA:2,1
DA:3,1
DA:4,1
DA:5,1
DA:6,1
DA:7,4
DA:8,4
DA:9,4
DA:10,1
DA:11,1
DA:12,1
DA:13,1
DA:14,1
DA:15,0
DA:16,0
DA:17,0
DA:18,0
DA:19,0
DA:20,0
DA:21,1
DA:22,1
DA:23,1
DA:24,0
DA:25,0
DA:26,0
DA:27,0
DA:28,0
DA:29,1
DA:30,1
DA:31,1
DA:34,1
DA:36,1
DA:37,1
DA:38,1
DA:42,1
DA:44,1
DA:46,1
DA:48,1
DA:51,1
DA:54,1
DA:57,1
DA:58,0
DA:59,0
DA:60,1
DA:64,1
DA:68,1
DA:76,0
DA:77,0
DA:78,0
DA:79,0
DA:80,0
DA:81,0
DA:82,0
DA:83,1
DA:84,0
DA:89,0
DA:90,0
DA:91,0
DA:92,0
DA:93,0
DA:94,1
DA:95,1
LF:62
LH:36
BRDA:42,0,0,1
BRDA:42,0,1,1
BRDA:44,1,0,1
BRDA:44,1,1,0
BRDA:48,2,0,1
BRDA:48,2,1,1
BRDA:48,3,0,1
BRDA:48,3,1,1
BRDA:48,4,0,1
BRDA:48,4,1,0
BRDA:48,5,0,0
BRDA:48,5,1,1
BRDA:54,6,0,1
BRDA:54,6,1,0
BRDA:68,7,0,0
BRDA:68,7,1,1
BRDA:76,8,0,0
BRDA:76,8,1,0
BRDA:90,9,0,0
BRDA:90,9,1,0
BRF:20
BRH:11
end_of_record
TN:
SF:(app-pages-browser)/node_modules/next/dist/client/components/react-dev-overlay/internal/components/Dialog/index.js
FN:6,_export
FN:13,(anonymous)
FN:16,(anonymous)
FN:19,(anonymous)
FN:22,(anonymous)
FN:25,(anonymous)
FN:46,(anonymous)
FN:66,(anonymous)
FNF:8
FNH:7
FNDA:1,_export
FNDA:2,(anonymous)
FNDA:2,(anonymous)
FNDA:2,(anonymous)
FNDA:2,(anonymous)
FNDA:2,(anonymous)
FNDA:1,(anonymous)
FNDA:0,(anonymous)
DA:2,1
DA:3,1
DA:4,1
DA:5,1
DA:6,1
DA:7,5
DA:8,5
DA:9,5
DA:10,5
DA:11,1
DA:12,1
DA:13,2
DA:14,2
DA:15,2
DA:16,2
DA:17,2
DA:18,2
DA:19,2
DA:20,2
DA:21,2
DA:22,2
DA:23,2
DA:24,2
DA:25,2
DA:26,2
DA:27,2
DA:28,1
DA:29,1
DA:30,1
DA:31,1
DA:32,1
DA:33,1
DA:34,1
DA:35,0
DA:36,0
DA:37,0
DA:38,0
DA:39,0
DA:40,1
DA:43,1
DA:45,1
DA:46,1
DA:47,1
DA:51,1
DA:53,1
DA:55,1
DA:57,1
DA:60,1
DA:63,1
DA:66,0
DA:67,0
DA:68,0
DA:69,0
DA:73,0
DA:77,0
DA:85,0
DA:86,0
DA:87,0
DA:88,0
DA:89,0
DA:90,0
DA:91,0
DA:92,0
DA:93,1
DA:98,1
DA:99,1
DA:100,0
DA:101,0
DA:102,1
DA:103,1
DA:104,1
LF:71
LH:50
BRDA:51,0,0,1
BRDA:51,0,1,1
BRDA:53,1,0,1
BRDA:53,1,1,0
BRDA:57,2,0,1
BRDA:57,2,1,1
BRDA:57,3,0,1
BRDA:57,3,1,1
BRDA:57,4,0,1
BRDA:57,4,1,0
BRDA:57,5,0,0
BRDA:57,5,1,1
BRDA:63,6,0,0
BRDA:63,6,1,1
BRDA:77,7,0,0
BRDA:77,7,1,0
BRDA:85,8,0,0
BRDA:85,8,1,0
BRDA:99,9,0,0
BRDA:99,9,1,1
BRF:20
BRH:11
end_of_record
TN:
SF:(app-pages-browser)/node_modules/next/dist/client/components/react-dev-overlay/internal/components/Dialog/styles.js
FN:7,(anonymous)
FN:13,_templateObject
FN:17,(anonymous)
FN:35,(anonymous)
FN:55,(anonymous)
FNF:5
FNH:3
FNDA:4,(anonymous)
FNDA:1,_templateObject
FNDA:0,(anonymous)
FNDA:1,(anonymous)
FNDA:0,(anonymous)
DA:2,1
DA:3,1
DA:4,1
DA:5,1
DA:6,1
DA:7,4
DA:8,4
DA:9,4
DA:10,1
DA:11,1
DA:12,1
DA:13,1
DA:14,1
DA:15,1
DA:16,1
DA:17,1
DA:18,0
DA:19,1
DA:20,1
DA:21,1
DA:22,1
DA:23,1
DA:24,0
DA:25,0
DA:26,0
DA:27,0
DA:28,0
DA:29,1
DA:32,1
DA:34,1
DA:35,1
DA:36,1
DA:40,1
DA:42,1
DA:44,1
DA:46,1
DA:49,1
DA:52,1
DA:55,0
DA:56,0
DA:57,0
DA:58,0
DA:62,0
DA:66,0
DA:74,0
DA:75,0
DA:76,0
DA:77,0
DA:78,0
DA:79,0
DA:80,0
DA:81,0
DA:82,1
DA:87,1
DA:88,1
DA:89,0
DA:90,0
DA:91,1
DA:92,1
DA:93,1
LF:60
LH:38
BRDA:40,0,0,1
BRDA:40,0,1,1
BRDA:42,1,0,1
BRDA:42,1,1,0
BRDA:46,2,0,1
BRDA:46,2,1,1
BRDA:46,3,0,1
BRDA:46,3,1,1
BRDA:46,4,0,1
BRDA:46,4,1,0
BRDA:46,5,0,0
BRDA:46,5,1,1
BRDA:52,6,0,0
BRDA:52,6,1,1
BRDA:66,7,0,0
BRDA:66,7,1,0
BRDA:74,8,0,0
BRDA:74,8,1,0
BRDA:88,9,0,0
BRDA:88,9,1,1
BRF:20
BRH:11
end_of_record
TN:
SF:(app-pages-browser)/node_modules/next/dist/client/components/react-dev-overlay/internal/components/LeftRightDialogHeader/LeftRightDialogHeader.js
FN:9,(anonymous)
FN:17,LeftRightDialogHeader
FN:24,(anonymous)
FN:27,(anonymous)
FN:33,handler
FN:65,(anonymous)
FN:79,(anonymous)
FN:190,(anonymous)
FN:210,(anonymous)
FNF:9
FNH:2
FNDA:4,(anonymous)
FNDA:0,LeftRightDialogHeader
FNDA:0,(anonymous)
FNDA:0,(anonymous)
FNDA:0,handler
FNDA:0,(anonymous)
FNDA:0,(anonymous)
FNDA:1,(anonymous)
FNDA:0,(anonymous)
DA:2,1
DA:3,1
DA:4,1
DA:5,1
DA:6,1
DA:7,1
DA:8,1
DA:9,4
DA:10,4
DA:11,4
DA:12,1
DA:13,1
DA:14,1
DA:15,1
DA:16,1
DA:17,1
DA:18,0
DA:19,0
DA:20,0
DA:21,0
DA:22,0
DA:23,0
DA:24,0
DA:25,0
DA:26,0
DA:27,0
DA:28,0
DA:29,0
DA:30,0
DA:31,0
DA:32,0
DA:33,0
DA:34,0
DA:35,0
DA:36,0
DA:37,0
DA:38,0
DA:39,0
DA:40,0
DA:41,0
DA:42,0
DA:43,0
DA:44,0
DA:45,0
DA:46,0
DA:47,0
DA:48,0
DA:49,0
DA:50,0
DA:51,0
DA:52,0
DA:53,0
DA:54,0
DA:55,0
DA:56,0
DA:57,0
DA:58,0
DA:59,0
DA:60,0
DA:61,0
DA:62,0
DA:63,0
DA:64,0
DA:65,0
DA:66,0
DA:67,0
DA:68,0
DA:69,0
DA:70,0
DA:71,0
DA:72,0
DA:73,0
DA:74,0
DA:75,0
DA:76,0
DA:79,0
DA:80,0
DA:81,0
DA:82,0
DA:83,0
DA:85,0
DA:86,0
DA:87,0
DA:88,0
DA:89,0
DA:90,0
DA:91,0
DA:92,0
DA:93,0
DA:94,0
DA:95,0
DA:96,0
DA:97,0
DA:98,0
DA:99,0
DA:100,0
DA:101,0
DA:102,0
DA:103,0
DA:104,0
DA:105,0
DA:106,0
DA:107,0
DA:108,0
DA:109,0
DA:110,0
DA:111,0
DA:112,0
DA:113,0
DA:114,0
DA:115,0
DA:116,0
DA:117,0
DA:118,0
DA:119,0
DA:120,0
DA:121,0
DA:122,0
DA:123,0
DA:124,0
DA:125,0
DA:126,0
DA:127,0
DA:128,0
DA:129,0
DA:130,0
DA:131,0
DA:132,0
DA:133,0
DA:134,0
DA:135,0
DA:136,0
DA:137,0
DA:138,0
DA:139,0
DA:140,0
DA:141,0
DA:142,0
DA:143,0
DA:144,0
DA:145,0
DA:146,0
DA:147,0
DA:148,0
DA:149,0
DA:150,0
DA:151,0
DA:152,0
DA:153,0
DA:154,0
DA:155,0
DA:156,0
DA:157,0
DA:158,0
DA:159,0
DA:160,0
DA:161,0
DA:162,0
DA:163,0
DA:164,0
DA:165,0
DA:166,0
DA:167,0
DA:168,0
DA:169,0
DA:170,0
DA:171,0
DA:172,0
DA:173,1
DA:174,1
DA:175,1
DA:176,1
DA:177,0
DA:178,0
DA:179,0
DA:180,0
DA:181,0
DA:182,1
DA:183,1
DA:184,1
DA:187,1
DA:189,1
DA:190,1
DA:191,1
DA:195,1
DA:197,1
DA:199,1
DA:201,1
DA:204,1
DA:207,1
DA:210,1
DA:211,0
DA:212,0
DA:213,1
DA:217,1
DA:221,1
DA:229,0
DA:230,0
DA:231,0
DA:232,0
DA:233,0
DA:234,0
DA:235,0
DA:236,1
DA:237,0
DA:242,0
DA:243,0
DA:244,0
DA:245,0
DA:246,0
DA:247,1
DA:248,1
LF:212
LH:40
BRDA:28,0,0,0
BRDA:28,0,1,0
BRDA:34,1,0,0
BRDA:34,1,1,0
BRDA:37,2,0,0
BRDA:37,2,1,0
BRDA:40,3,0,0
BRDA:40,3,1,0
BRDA:41,4,0,0
BRDA:41,4,1,0
BRDA:44,5,0,0
BRDA:44,5,1,0
BRDA:47,6,0,0
BRDA:47,6,1,0
BRDA:48,7,0,0
BRDA:48,7,1,0
BRDA:51,8,0,0
BRDA:51,8,1,0
BRDA:53,9,0,0
BRDA:53,9,1,0
BRDA:53,9,2,0
BRDA:53,10,0,0
BRDA:53,10,1,0
BRDA:58,11,0,0
BRDA:58,11,1,0
BRDA:62,12,0,0
BRDA:62,12,1,0
BRDA:67,13,0,0
BRDA:67,13,1,0
BRDA:80,14,0,0
BRDA:80,14,1,0
BRDA:85,15,0,0
BRDA:85,15,1,0
BRDA:87,16,0,0
BRDA:87,16,1,0
BRDA:88,17,0,0
BRDA:88,17,1,0
BRDA:88,18,0,0
BRDA:88,18,1,0
BRDA:91,19,0,0
BRDA:91,19,1,0
BRDA:92,20,0,0
BRDA:92,20,1,0
BRDA:92,21,0,0
BRDA:92,21,1,0
BRDA:112,22,0,0
BRDA:112,22,1,0
BRDA:113,23,0,0
BRDA:113,23,1,0
BRDA:114,24,0,0
BRDA:114,24,1,0
BRDA:136,25,0,0
BRDA:136,25,1,0
BRDA:137,26,0,0
BRDA:137,26,1,0
BRDA:138,27,0,0
BRDA:138,27,1,0
BRDA:160,28,0,0
BRDA:160,28,1,0
BRDA:195,29,0,1
BRDA:195,29,1,1
BRDA:197,30,0,1
BRDA:197,30,1,0
BRDA:201,31,0,1
BRDA:201,31,1,1
BRDA:201,32,0,1
BRDA:201,32,1,1
BRDA:201,33,0,1
BRDA:201,33,1,0
BRDA:201,34,0,0
BRDA:201,34,1,1
BRDA:207,35,0,1
BRDA:207,35,1,0
BRDA:221,36,0,0
BRDA:221,36,1,1
BRDA:229,37,0,0
BRDA:229,37,1,0
BRDA:243,38,0,0
BRDA:243,38,1,0
BRF:79
BRH:11
end_of_record
TN:
SF:(app-pages-browser)/node_modules/next/dist/client/components/react-dev-overlay/internal/components/LeftRightDialogHeader/index.js
FN:6,_export
FN:13,(anonymous)
FN:16,(anonymous)
FN:34,(anonymous)
FN:54,(anonymous)
FNF:5
FNH:4
FNDA:1,_export
FNDA:2,(anonymous)
FNDA:2,(anonymous)
FNDA:1,(anonymous)
FNDA:0,(anonymous)
DA:2,1
DA:3,1
DA:4,1
DA:5,1
DA:6,1
DA:7,2
DA:8,2
DA:9,2
DA:10,2
DA:11,1
DA:12,1
DA:13,2
DA:14,2
DA:15,2
DA:16,2
DA:17,2
DA:18,2
DA:19,1
DA:20,1
DA:21,1
DA:22,1
DA:23,0
DA:24,0
DA:25,0
DA:26,0
DA:27,0
DA:28,1
DA:31,1
DA:33,1
DA:34,1
DA:35,1
DA:39,1
DA:41,1
DA:43,1
DA:45,1
DA:48,1
DA:51,1
DA:54,0
DA:55,0
DA:56,0
DA:57,0
DA:61,0
DA:65,0
DA:73,0
DA:74,0
DA:75,0
DA:76,0
DA:77,0
DA:78,0
DA:79,0
DA:80,0
DA:81,1
DA:86,1
DA:87,1
DA:88,0
DA:89,0
DA:90,1
DA:91,1
DA:92,1
LF:59
LH:38
BRDA:39,0,0,1
BRDA:39,0,1,1
BRDA:41,1,0,1
BRDA:41,1,1,0
BRDA:45,2,0,1
BRDA:45,2,1,1
BRDA:45,3,0,1
BRDA:45,3,1,1
BRDA:45,4,0,1
BRDA:45,4,1,0
BRDA:45,5,0,0
BRDA:45,5,1,1
BRDA:51,6,0,0
BRDA:51,6,1,1
BRDA:65,7,0,0
BRDA:65,7,1,0
BRDA:73,8,0,0
BRDA:73,8,1,0
BRDA:87,9,0,0
BRDA:87,9,1,1
BRF:20
BRH:11
end_of_record
TN:
SF:(app-pages-browser)/node_modules/next/dist/client/components/react-dev-overlay/internal/components/LeftRightDialogHeader/styles.js
FN:7,(anonymous)
FN:13,_templateObject
FN:17,(anonymous)
FN:35,(anonymous)
FN:55,(anonymous)
FNF:5
FNH:3
FNDA:4,(anonymous)
FNDA:1,_templateObject
FNDA:0,(anonymous)
FNDA:1,(anonymous)
FNDA:0,(anonymous)
DA:2,1
DA:3,1
DA:4,1
DA:5,1
DA:6,1
DA:7,4
DA:8,4
DA:9,4
DA:10,1
DA:11,1
DA:12,1
DA:13,1
DA:14,1
DA:15,1
DA:16,1
DA:17,1
DA:18,0
DA:19,1
DA:20,1
DA:21,1
DA:22,1
DA:23,1
DA:24,0
DA:25,0
DA:26,0
DA:27,0
DA:28,0
DA:29,1
DA:32,1
DA:34,1
DA:35,1
DA:36,1
DA:40,1
DA:42,1
DA:44,1
DA:46,1
DA:49,1
DA:52,1
DA:55,0
DA:56,0
DA:57,0
DA:58,0
DA:62,0
DA:66,0
DA:74,0
DA:75,0
DA:76,0
DA:77,0
DA:78,0
DA:79,0
DA:80,0
DA:81,0
DA:82,1
DA:87,1
DA:88,1
DA:89,0
DA:90,0
DA:91,1
DA:92,1
DA:93,1
LF:60
LH:38
BRDA:40,0,0,1
BRDA:40,0,1,1
BRDA:42,1,0,1
BRDA:42,1,1,0
BRDA:46,2,0,1
BRDA:46,2,1,1
BRDA:46,3,0,1
BRDA:46,3,1,1
BRDA:46,4,0,1
BRDA:46,4,1,0
BRDA:46,5,0,0
BRDA:46,5,1,1
BRDA:52,6,0,0
BRDA:52,6,1,1
BRDA:66,7,0,0
BRDA:66,7,1,0
BRDA:74,8,0,0
BRDA:74,8,1,0
BRDA:88,9,0,0
BRDA:88,9,1,1
BRF:20
BRH:11
end_of_record
TN:
SF:(app-pages-browser)/node_modules/next/dist/client/components/react-dev-overlay/internal/components/Overlay/Overlay.js
FN:9,(anonymous)
FN:19,Overlay
FN:22,(anonymous)
FN:24,(anonymous)
FN:29,(anonymous)
FN:32,(anonymous)
FN:39,(anonymous)
FN:74,(anonymous)
FN:94,(anonymous)
FNF:9
FNH:2
FNDA:4,(anonymous)
FNDA:0,Overlay
FNDA:0,(anonymous)
FNDA:0,(anonymous)
FNDA:0,(anonymous)
FNDA:0,(anonymous)
FNDA:0,(anonymous)
FNDA:1,(anonymous)
FNDA:0,(anonymous)
DA:2,1
DA:3,1
DA:4,1
DA:5,1
DA:6,1
DA:7,1
DA:8,1
DA:9,4
DA:10,4
DA:11,4
DA:12,1
DA:13,1
DA:14,1
DA:15,1
DA:16,1
[...]
BRDA:17,1371,3,8
BRDA:17,1371,4,0
BRDA:17,1372,0,8
BRDA:17,1372,1,0
BRDA:17,1373,0,2
BRDA:17,1373,1,1
BRDA:17,1374,0,3
BRDA:17,1374,1,3
BRDA:17,1375,0,0
BRDA:17,1375,1,3
BRDA:17,1376,0,2
BRDA:17,1376,1,2
BRDA:17,1376,2,1
BRDA:17,1377,0,3
BRDA:17,1377,1,0
BRDA:17,1378,0,3
BRDA:17,1378,1,0
BRDA:17,1379,0,3
BRDA:17,1379,1,0
BRDA:17,1380,0,0
BRDA:17,1380,1,8
BRDA:17,1381,0,1
BRDA:17,1381,1,1
BRDA:17,1382,0,8
BRDA:17,1382,1,8
BRDA:17,1382,2,0
BRDA:17,1383,0,0
BRDA:17,1383,1,0
BRDA:17,1383,2,0
BRDA:17,1384,0,0
BRDA:17,1384,1,0
BRDA:17,1385,0,0
BRDA:17,1385,1,0
BRDA:17,1386,0,0
BRDA:17,1386,1,0
BRDA:17,1387,0,0
BRDA:17,1387,1,0
BRDA:17,1388,0,0
BRDA:17,1388,1,0
BRDA:17,1389,0,0
BRDA:17,1389,1,0
BRDA:17,1390,0,16
BRDA:17,1390,1,0
BRDA:17,1390,2,0
BRDA:17,1390,3,0
BRDA:17,1390,4,0
BRDA:17,1391,0,0
BRDA:17,1391,1,0
BRDA:17,1392,0,8
BRDA:17,1392,1,0
BRDA:17,1393,0,0
BRDA:17,1393,1,0
BRDA:17,1393,2,0
BRDA:17,1394,0,0
BRDA:17,1394,1,0
BRDA:17,1395,0,0
BRDA:17,1395,1,0
BRDA:17,1396,0,1
BRDA:17,1396,1,1
BRDA:17,1396,2,1
BRDA:17,1397,0,1
BRDA:17,1397,1,0
BRDA:17,1398,0,0
BRDA:17,1398,1,0
BRDA:17,1398,2,0
BRDA:17,1398,3,0
BRDA:17,1399,0,8
BRDA:17,1399,1,0
BRDA:17,1400,0,0
BRDA:17,1400,1,0
BRDA:17,1401,0,8
BRDA:17,1401,1,0
BRDA:17,1401,2,0
BRDA:17,1402,0,8
BRDA:17,1402,1,0
BRDA:17,1403,0,0
BRDA:17,1403,1,8
BRDA:17,1403,2,0
BRDA:17,1404,0,8
BRDA:17,1404,1,8
BRDA:17,1405,0,0
BRDA:17,1405,1,8
BRDA:17,1406,0,8
BRDA:17,1406,1,8
BRDA:17,1406,2,8
BRDA:17,1407,0,0
BRDA:17,1407,1,8
BRDA:17,1407,2,0
BRDA:17,1407,3,0
BRDA:17,1407,4,0
BRDA:17,1408,0,8
BRDA:17,1408,1,0
BRDA:17,1409,0,8
BRDA:17,1409,1,0
BRDA:17,1410,0,8
BRDA:17,1410,1,0
BRDA:17,1410,2,0
BRDA:17,1410,3,0
BRDA:17,1411,0,8
BRDA:17,1411,1,0
BRDA:17,1412,0,8
BRDA:17,1412,1,0
BRDA:17,1413,0,8
BRDA:17,1413,1,0
BRDA:17,1414,0,8
BRDA:17,1414,1,8
BRDA:17,1415,0,0
BRDA:17,1415,1,8
BRDA:17,1416,0,0
BRDA:17,1416,1,0
BRDA:17,1417,0,0
BRDA:17,1417,1,0
BRDA:17,1418,0,0
BRDA:17,1418,1,0
BRDA:17,1418,2,0
BRDA:17,1418,3,0
BRDA:17,1418,4,0
BRDA:17,1418,5,0
BRDA:17,1419,0,0
BRDA:17,1419,1,0
BRDA:17,1420,0,0
BRDA:17,1420,1,0
BRDA:17,1421,0,0
BRDA:17,1421,1,0
BRDA:17,1421,2,0
BRDA:17,1422,0,0
BRDA:17,1422,1,0
BRDA:17,1423,0,0
BRDA:17,1423,1,0
BRDA:17,1424,0,0
BRDA:17,1424,1,0
BRDA:17,1424,2,0
BRDA:17,1425,0,0
BRDA:17,1425,1,0
BRDA:17,1426,0,0
BRDA:17,1426,1,0
BRDA:17,1427,0,0
BRDA:17,1427,1,0
BRDA:17,1428,0,0
BRDA:17,1428,1,0
BRDA:17,1429,0,0
BRDA:17,1429,1,1
BRDA:17,1430,0,1
BRDA:17,1430,1,0
BRDA:17,1431,0,0
BRDA:17,1431,1,0
BRDA:17,1432,0,0
BRDA:17,1432,1,3
BRDA:17,1433,0,0
BRDA:17,1433,1,1
BRDA:17,1434,0,0
BRDA:17,1434,1,0
BRDA:17,1435,0,1
BRDA:17,1435,1,0
BRDA:17,1436,0,1
BRDA:17,1436,1,0
BRDA:17,1437,0,0
BRDA:17,1437,1,0
BRDA:17,1438,0,0
BRDA:17,1438,1,0
BRDA:17,1439,0,0
BRDA:17,1439,1,0
BRDA:17,1440,0,1
BRDA:17,1440,1,1
BRDA:17,1440,2,0
BRDA:17,1440,3,0
BRDA:17,1441,0,0
BRDA:17,1441,1,0
BRDA:17,1442,0,0
BRDA:17,1442,1,0
BRDA:17,1443,0,0
BRDA:17,1443,1,0
BRDA:17,1444,0,0
BRDA:17,1444,1,0
BRDA:17,1444,2,0
BRDA:17,1445,0,0
BRDA:17,1445,1,0
BRDA:17,1445,2,0
BRDA:17,1445,3,0
BRDA:17,1445,4,0
BRDA:17,1446,0,0
BRDA:17,1446,1,0
BRDA:17,1447,0,0
BRDA:17,1447,1,0
BRDA:17,1448,0,1
BRDA:17,1448,1,1
BRDA:17,1449,0,1
BRDA:17,1449,1,1
BRDA:17,1449,2,1
BRDA:17,1450,0,1
BRDA:17,1450,1,1
BRDA:17,1451,0,0
BRDA:17,1451,1,0
BRDA:17,1452,0,0
BRDA:17,1452,1,0
BRDA:17,1453,0,0
BRDA:17,1453,1,0
BRDA:17,1454,0,0
BRDA:17,1454,1,0
BRDA:17,1454,2,0
BRDA:17,1454,3,0
BRDA:17,1454,4,0
BRDA:17,1454,5,0
BRDA:17,1454,6,0
BRDA:17,1454,7,0
BRDA:17,1454,8,0
BRDA:17,1454,9,0
BRDA:17,1454,10,0
BRDA:17,1454,11,0
BRDA:17,1455,0,0
BRDA:17,1455,1,0
BRDA:17,1456,0,0
BRDA:17,1456,1,0
BRDA:17,1456,2,0
BRDA:17,1456,3,0
BRDA:17,1457,0,0
BRDA:17,1457,1,0
BRDA:17,1458,0,0
BRDA:17,1458,1,0
BRDA:17,1458,2,0
BRDA:17,1458,3,0
BRDA:17,1458,4,0
BRDA:17,1458,5,0
BRDA:17,1458,6,0
BRDA:17,1458,7,0
BRDA:17,1458,8,0
BRDA:17,1458,9,0
BRDA:17,1458,10,0
BRDA:17,1458,11,0
BRDA:17,1459,0,0
BRDA:17,1459,1,0
BRDA:17,1460,0,0
BRDA:17,1460,1,0
BRDA:17,1460,2,0
BRDA:17,1461,0,0
BRDA:17,1461,1,0
BRDA:17,1462,0,0
BRDA:17,1462,1,0
BRDA:17,1463,0,0
BRDA:17,1463,1,0
BRDA:17,1464,0,0
BRDA:17,1464,1,0
BRDA:17,1465,0,0
BRDA:17,1465,1,0
BRDA:17,1466,0,0
BRDA:17,1466,1,0
BRDA:17,1467,0,0
BRDA:17,1467,1,0
BRDA:17,1468,0,0
BRDA:17,1468,1,0
BRDA:17,1469,0,0
BRDA:17,1469,1,0
BRDA:17,1470,0,0
BRDA:17,1470,1,0
BRDA:17,1471,0,0
BRDA:17,1471,1,0
BRDA:17,1472,0,0
BRDA:17,1472,1,0
BRDA:17,1472,2,0
BRDA:17,1473,0,0
BRDA:17,1473,1,0
BRDA:17,1474,0,0
BRDA:17,1474,1,0
BRDA:17,1475,0,0
BRDA:17,1475,1,0
BRDA:17,1476,0,0
BRDA:17,1476,1,0
BRDA:17,1477,0,0
BRDA:17,1477,1,0
BRDA:17,1478,0,0
BRDA:17,1478,1,0
BRDA:17,1479,0,0
BRDA:17,1479,1,0
BRDA:17,1480,0,0
BRDA:17,1480,1,0
BRDA:17,1481,0,0
BRDA:17,1481,1,0
BRDA:17,1482,0,0
BRDA:17,1482,1,0
BRDA:17,1483,0,0
BRDA:17,1483,1,0
BRDA:17,1484,0,0
BRDA:17,1484,1,0
BRDA:17,1485,0,0
BRDA:17,1485,1,0
BRDA:17,1486,0,0
BRDA:17,1486,1,0
BRDA:17,1487,0,0
BRDA:17,1487,1,0
BRDA:17,1488,0,0
BRDA:17,1488,1,0
BRDA:17,1489,0,0
BRDA:17,1489,1,0
BRDA:17,1490,0,0
BRDA:17,1490,1,0
BRDA:17,1491,0,0
BRDA:17,1491,1,0
BRDA:17,1492,0,0
BRDA:17,1492,1,0
BRDA:17,1493,0,0
BRDA:17,1493,1,0
BRDA:17,1493,2,0
BRDA:17,1494,0,0
BRDA:17,1494,1,0
BRDA:17,1495,0,0
BRDA:17,1495,1,0
BRDA:17,1496,0,0
BRDA:17,1496,1,0
BRDA:17,1497,0,0
BRDA:17,1497,1,0
BRDA:17,1498,0,0
BRDA:17,1498,1,0
BRDA:17,1499,0,0
BRDA:17,1499,1,0
BRDA:17,1500,0,0
BRDA:17,1500,1,0
BRDA:17,1501,0,0
BRDA:17,1501,1,0
BRDA:17,1502,0,0
BRDA:17,1502,1,0
BRDA:17,1503,0,0
BRDA:17,1503,1,0
BRDA:17,1504,0,0
BRDA:17,1504,1,0
BRDA:17,1505,0,0
BRDA:17,1505,1,0
BRDA:17,1506,0,0
BRDA:17,1506,1,0
BRDA:17,1507,0,0
BRDA:17,1507,1,0
BRDA:17,1508,0,0
BRDA:17,1508,1,0
BRDA:17,1509,0,0
BRDA:17,1509,1,0
BRDA:17,1510,0,0
BRDA:17,1510,1,0
BRDA:17,1511,0,0
BRDA:17,1511,1,0
BRDA:17,1512,0,0
BRDA:17,1512,1,0
BRDA:17,1513,0,0
BRDA:17,1513,1,0
BRDA:17,1514,0,0
BRDA:17,1514,1,1
BRDA:17,1515,0,0
BRDA:17,1515,1,0
BRDA:17,1516,0,0
BRDA:17,1516,1,0
BRDA:17,1517,0,0
BRDA:17,1517,1,0
BRDA:17,1518,0,0
BRDA:17,1518,1,1
BRDA:17,1519,0,0
BRDA:17,1519,1,2
BRDA:17,1520,0,2
BRDA:17,1520,1,0
BRDA:17,1521,0,0
BRDA:17,1521,1,2
BRDA:17,1522,0,0
BRDA:17,1522,1,0
BRDA:17,1523,0,0
BRDA:17,1523,1,0
BRDA:17,1524,0,0
BRDA:17,1524,1,0
BRDA:17,1525,0,0
BRDA:17,1525,1,1
BRDA:17,1526,0,1
BRDA:17,1526,1,0
BRDA:17,1527,0,0
BRDA:17,1527,1,0
BRDA:17,1528,0,2
BRDA:17,1528,1,2
BRDA:17,1529,0,0
BRDA:17,1529,1,2
BRDA:17,1530,0,0
BRDA:17,1530,1,2
BRDA:17,1531,0,1
BRDA:17,1531,1,1
BRDA:17,1531,2,1
BRDA:17,1532,0,1
BRDA:17,1532,1,1
BRDA:17,1532,2,1
BRDA:17,1532,3,1
BRDA:17,1533,0,1
BRDA:17,1533,1,0
BRDA:17,1534,0,0
BRDA:17,1534,1,2
BRDA:17,1535,0,1
BRDA:17,1535,1,0
BRDA:17,1536,0,0
BRDA:17,1536,1,10
BRF:3582
BRH:923
end_of_record
TN:
SF:njbogkpfaepclndolodogkcliflgllkn/lockdown-install.js
FN:1,(anonymous)
FN:1,(anonymous)
FN:1,(anonymous)
FN:1,(anonymous)
FN:1,(anonymous)
FN:1,(anonymous)
FN:1,j
FN:1,(anonymous)
FN:1,(anonymous)
FN:1,J
FN:1,K
FN:1,Z
FN:1,Q
FN:1,X
FN:1,rt
FN:1,ot
FN:1,nt
FN:1,(anonymous)
FN:1,(anonymous)
FN:1,(anonymous)
FN:1,(anonymous)
FN:1,(anonymous)
FN:1,(anonymous)
FN:1,(anonymous)
FN:1,it
FN:1,(anonymous)
FN:1,(anonymous)
FN:1,ft
FN:1,dt
FN:1,o
FN:1,n
FN:1,i
FN:1,s
FN:1,(anonymous)
FN:1,St
FN:1,(anonymous)
FN:1,(anonymous)
FN:1,(anonymous)
FN:1,(anonymous)
FN:1,(anonymous)
FN:1,(anonymous)
FN:1,(anonymous)
FN:1,(anonymous)
FN:1,(anonymous)
FN:1,(anonymous)
FN:1,(anonymous)
FN:1,(anonymous)
FN:1,(anonymous)
FN:1,(anonymous)
FN:1,(anonymous)
FN:1,(anonymous)
FN:1,(anonymous)
FN:1,i
FN:1,(anonymous)
FN:1,(anonymous)
FN:1,(anonymous)
FN:1,(anonymous)
FN:1,Wt
FN:1,zt
FN:1,(anonymous)
FN:1,Kt
FN:1,Zt
FN:1,Xt
FN:1,(anonymous)
FN:1,ee
FN:1,(anonymous)
FN:1,oe
FN:1,ne
FN:1,(anonymous)
FN:1,(anonymous)
FN:1,ie
FN:1,(anonymous)
FN:1,ce
FN:1,(anonymous)
FN:1,(anonymous)
FN:1,(anonymous)
FN:1,(anonymous)
FN:1,(anonymous)
FN:1,(anonymous)
FN:1,(anonymous)
FN:1,(anonymous)
FN:1,(anonymous)
FN:1,(anonymous)
FN:1,(anonymous)
FN:1,(anonymous)
FN:1,ue
FN:1,(anonymous)
FN:1,ye
FN:1,(anonymous)
FN:1,(anonymous)
FN:1,(anonymous)
FN:1,(anonymous)
FN:1,(anonymous)
FN:1,(anonymous)
FN:1,(anonymous)
FN:1,(anonymous)
FN:1,(anonymous)
FN:1,(anonymous)
FN:1,(anonymous)
FN:1,(anonymous)
FN:1,(anonymous)
FN:1,(anonymous)
FN:1,(anonymous)
FN:1,(anonymous)
FN:1,(anonymous)
FN:1,(anonymous)
FN:1,(anonymous)
FN:1,(anonymous)
FN:1,(anonymous)
FN:1,(anonymous)
FN:1,(anonymous)
FN:1,(anonymous)
FN:1,Te
FN:1,(anonymous)
FN:1,(anonymous)
FN:1,(anonymous)
FN:1,(anonymous)
FN:1,(anonymous)
FN:1,(anonymous)
FN:1,(anonymous)
FN:1,(anonymous)
FN:1,(anonymous)
FN:1,(anonymous)
FN:1,(anonymous)
FN:1,(anonymous)
FN:1,(anonymous)
FN:1,(anonymous)
FN:1,(anonymous)
FN:1,(anonymous)
FN:1,n
FN:1,a
FN:1,(anonymous)
FN:1,(anonymous)
FN:1,Oe
FN:1,(anonymous)
FN:1,e
FN:1,(anonymous)
FN:1,(anonymous)
FN:1,(anonymous)
FN:1,(anonymous)
FN:1,(anonymous)
FN:1,(anonymous)
FN:1,(anonymous)
FN:1,(anonymous)
FN:1,(anonymous)
FN:1,(anonymous)
FN:1,(anonymous)
FN:1,(anonymous)
FN:1,(anonymous)
FN:1,(anonymous)
FN:1,(anonymous)
FN:1,(anonymous)
FN:1,(anonymous)
FN:1,(anonymous)
FN:1,(anonymous)
FN:1,(anonymous)
FN:1,(anonymous)
FN:1,r
FN:1,n
FN:1,(anonymous)
FN:1,o
FN:1,n
FN:1,(anonymous)
FN:1,t
FN:1,(anonymous)
FN:1,(anonymous)
FN:1,(anonymous)
FN:1,(anonymous)
FN:1,(anonymous)
FN:1,(anonymous)
FN:1,a
FN:1,(anonymous)
FN:1,(anonymous)
FN:1,(anonymous)
FN:1,(anonymous)
FN:1,(anonymous)
FN:1,(anonymous)
FN:1,b
FN:1,E
FN:1,A
FNF:180
FNH:75
FNDA:1,(anonymous)
FNDA:1,(anonymous)
FNDA:0,(anonymous)
FNDA:402,(anonymous)
FNDA:14,(anonymous)
FNDA:528,(anonymous)
FNDA:2,j
FNDA:0,(anonymous)
FNDA:100,(anonymous)
FNDA:1720,J
FNDA:6,K
FNDA:6,Z
FNDA:11,Q
FNDA:11,X
FNDA:130,rt
FNDA:3,ot
FNDA:2,nt
FNDA:11,(anonymous)
FNDA:11,(anonymous)
FNDA:1,(anonymous)
FNDA:2,(anonymous)
FNDA:165,(anonymous)
FNDA:0,(anonymous)
FNDA:0,(anonymous)
FNDA:3,it
FNDA:1,(anonymous)
FNDA:3660,(anonymous)
FNDA:1759,ft
FNDA:1,dt
FNDA:1754,o
FNDA:1720,n
FNDA:1759,i
FNDA:545,s
FNDA:545,(anonymous)
FNDA:12,St
FNDA:0,(anonymous)
FNDA:0,(anonymous)
FNDA:0,(anonymous)
FNDA:21,(anonymous)
FNDA:0,(anonymous)
FNDA:21,(anonymous)
FNDA:0,(anonymous)
FNDA:0,(anonymous)
FNDA:0,(anonymous)
FNDA:0,(anonymous)
FNDA:0,(anonymous)
FNDA:0,(anonymous)
FNDA:0,(anonymous)
FNDA:0,(anonymous)
FNDA:0,(anonymous)
FNDA:2,(anonymous)
FNDA:0,(anonymous)
FNDA:27,i
FNDA:0,(anonymous)
FNDA:0,(anonymous)
FNDA:0,(anonymous)
FNDA:0,(anonymous)
FNDA:0,Wt
FNDA:0,zt
FNDA:0,(anonymous)
FNDA:0,Kt
FNDA:0,Zt
FNDA:0,Xt
FNDA:0,(anonymous)
FNDA:0,ee
FNDA:0,(anonymous)
FNDA:0,oe
FNDA:0,ne
FNDA:0,(anonymous)
FNDA:0,(anonymous)
FNDA:0,ie
FNDA:0,(anonymous)
FNDA:0,ce
FNDA:0,(anonymous)
FNDA:0,(anonymous)
FNDA:0,(anonymous)
FNDA:0,(anonymous)
FNDA:0,(anonymous)
FNDA:0,(anonymous)
FNDA:0,(anonymous)
FNDA:0,(anonymous)
FNDA:0,(anonymous)
FNDA:0,(anonymous)
FNDA:2,(anonymous)
FNDA:0,(anonymous)
FNDA:2,ue
FNDA:0,(anonymous)
FNDA:2,ye
FNDA:0,(anonymous)
FNDA:0,(anonymous)
FNDA:0,(anonymous)
FNDA:0,(anonymous)
FNDA:0,(anonymous)
FNDA:0,(anonymous)
FNDA:0,(anonymous)
FNDA:0,(anonymous)
FNDA:0,(anonymous)
FNDA:0,(anonymous)
FNDA:0,(anonymous)
FNDA:0,(anonymous)
FNDA:0,(anonymous)
FNDA:0,(anonymous)
FNDA:0,(anonymous)
FNDA:0,(anonymous)
FNDA:0,(anonymous)
FNDA:0,(anonymous)
FNDA:0,(anonymous)
FNDA:0,(anonymous)
FNDA:0,(anonymous)
FNDA:0,(anonymous)
FNDA:0,(anonymous)
FNDA:0,(anonymous)
FNDA:1,Te
FNDA:0,(anonymous)
FNDA:1,(anonymous)
FNDA:0,(anonymous)
FNDA:0,(anonymous)
FNDA:0,(anonymous)
FNDA:0,(anonymous)
FNDA:0,(anonymous)
FNDA:0,(anonymous)
FNDA:0,(anonymous)
FNDA:0,(anonymous)
FNDA:0,(anonymous)
FNDA:0,(anonymous)
FNDA:0,(anonymous)
FNDA:0,(anonymous)
FNDA:1,(anonymous)
FNDA:3,(anonymous)
FNDA:2933,n
FNDA:717,a
FNDA:2122,(anonymous)
FNDA:0,(anonymous)
FNDA:1,Oe
FNDA:1,(anonymous)
FNDA:4,e
FNDA:0,(anonymous)
FNDA:1,(anonymous)
FNDA:0,(anonymous)
FNDA:2,(anonymous)
FNDA:0,(anonymous)
FNDA:0,(anonymous)
FNDA:1,(anonymous)
FNDA:2,(anonymous)
FNDA:0,(anonymous)
FNDA:0,(anonymous)
FNDA:0,(anonymous)
FNDA:0,(anonymous)
FNDA:0,(anonymous)
FNDA:1,(anonymous)
FNDA:1,(anonymous)
FNDA:2,(anonymous)
FNDA:11,(anonymous)
FNDA:1,(anonymous)
FNDA:1,(anonymous)
FNDA:1,(anonymous)
FNDA:1,(anonymous)
FNDA:63,r
FNDA:256,n
FNDA:31,(anonymous)
FNDA:19,o
FNDA:2,n
FNDA:44,(anonymous)
FNDA:13,t
FNDA:1,(anonymous)
FNDA:0,(anonymous)
FNDA:0,(anonymous)
FNDA:0,(anonymous)
FNDA:0,(anonymous)
FNDA:3,(anonymous)
FNDA:1,a
FNDA:0,(anonymous)
FNDA:1,(anonymous)
FNDA:2,(anonymous)
FNDA:1,(anonymous)
FNDA:1,(anonymous)
FNDA:1,(anonymous)
FNDA:0,b
FNDA:0,E
FNDA:0,A
DA:1,1
LF:1
LH:1
BRDA:1,0,0,1
BRDA:1,0,1,0
BRDA:1,1,0,0
BRDA:1,1,1,1
BRDA:1,2,0,1
BRDA:1,2,1,0
BRDA:1,3,0,1
BRDA:1,3,1,1
BRDA:1,4,0,0
BRDA:1,4,1,0
BRDA:1,5,0,0
BRDA:1,5,1,0
BRDA:1,6,0,30
BRDA:1,6,1,1690
BRDA:1,7,0,4
BRDA:1,7,1,126
BRDA:1,8,0,4
BRDA:1,8,1,4
BRDA:1,8,2,4
BRDA:1,8,3,4
BRDA:1,8,4,4
BRDA:1,8,5,4
BRDA:1,9,0,0
BRDA:1,9,1,4
BRDA:1,10,0,100
BRDA:1,10,1,94
BRDA:1,11,0,3
BRDA:1,11,1,72
BRDA:1,12,0,27
BRDA:1,12,1,45
BRDA:1,13,0,0
BRDA:1,13,1,75
BRDA:1,14,0,0
BRDA:1,14,1,75
BRDA:1,15,0,45
BRDA:1,15,1,45
BRDA:1,16,0,0
BRDA:1,16,1,45
BRDA:1,17,0,6
BRDA:1,17,1,39
BRDA:1,18,0,0
BRDA:1,18,1,6
BRDA:1,19,0,0
BRDA:1,19,1,0
BRDA:1,20,0,1711
BRDA:1,20,1,48
BRDA:1,21,0,48
BRDA:1,21,1,0
BRDA:1,22,0,544
BRDA:1,22,1,1210
BRDA:1,23,0,0
BRDA:1,23,1,1210
BRDA:1,24,0,1210
BRDA:1,24,1,0
BRDA:1,25,0,1210
BRDA:1,25,1,1165
BRDA:1,26,0,87
BRDA:1,26,1,1123
BRDA:1,27,0,87
BRDA:1,27,1,0
BRDA:1,28,0,0
BRDA:1,28,1,87
BRDA:1,29,0,1123
BRDA:1,29,1,0
BRDA:1,30,0,0
BRDA:1,30,1,1123
BRDA:1,31,0,1686
BRDA:1,31,1,34
BRDA:1,32,0,0
BRDA:1,32,1,1686
BRDA:1,33,0,0
BRDA:1,33,1,34
BRDA:1,34,0,34
BRDA:1,34,1,34
BRDA:1,35,0,1
BRDA:1,35,1,1758
BRDA:1,36,0,1637
BRDA:1,36,1,122
BRDA:1,36,2,122
BRDA:1,37,0,122
BRDA:1,37,1,122
BRDA:1,38,0,0
BRDA:1,38,1,545
BRDA:1,39,0,0
BRDA:1,39,1,545
BRDA:1,40,0,542
BRDA:1,40,1,3
BRDA:1,41,0,542
BRDA:1,41,1,3
BRDA:1,42,0,542
BRDA:1,42,1,517
BRDA:1,43,0,0
BRDA:1,43,1,542
BRDA:1,44,0,517
BRDA:1,44,1,25
BRDA:1,45,0,0
BRDA:1,45,1,542
BRDA:1,46,0,1759
BRDA:1,46,1,1720
BRDA:1,47,0,39
BRDA:1,47,1,1720
BRDA:1,48,0,39
BRDA:1,48,1,39
BRDA:1,49,0,39
BRDA:1,49,1,39
BRDA:1,50,0,1
BRDA:1,50,1,1
BRDA:1,51,0,0
BRDA:1,51,1,0
BRDA:1,52,0,0
BRDA:1,52,1,0
BRDA:1,53,0,0
BRDA:1,53,1,0
BRDA:1,53,2,0
BRDA:1,53,3,0
BRDA:1,53,4,0
BRDA:1,53,5,0
BRDA:1,53,6,0
BRDA:1,53,7,0
BRDA:1,54,0,0
BRDA:1,54,1,0
BRDA:1,55,0,0
BRDA:1,55,1,0
BRDA:1,56,0,0
BRDA:1,56,1,0
BRDA:1,57,0,0
BRDA:1,57,1,0
BRDA:1,58,0,0
BRDA:1,58,1,0
BRDA:1,59,0,0
BRDA:1,59,1,0
BRDA:1,60,0,0
BRDA:1,60,1,0
BRDA:1,61,0,0
BRDA:1,61,1,0
BRDA:1,62,0,0
BRDA:1,62,1,0
BRDA:1,63,0,0
BRDA:1,63,1,0
BRDA:1,64,0,0
BRDA:1,64,1,0
BRDA:1,65,0,0
BRDA:1,65,1,0
BRDA:1,66,0,0
BRDA:1,66,1,0
BRDA:1,67,0,0
BRDA:1,67,1,0
BRDA:1,68,0,0
BRDA:1,68,1,0
BRDA:1,69,0,0
BRDA:1,69,1,0
BRDA:1,70,0,0
BRDA:1,70,1,0
BRDA:1,71,0,0
BRDA:1,71,1,0
BRDA:1,72,0,0
BRDA:1,72,1,0
BRDA:1,73,0,0
BRDA:1,73,1,0
BRDA:1,74,0,0
BRDA:1,74,1,0
BRDA:1,75,0,0
BRDA:1,75,1,0
BRDA:1,76,0,1
BRDA:1,76,1,1
BRDA:1,77,0,0
BRDA:1,77,1,0
BRDA:1,78,0,0
BRDA:1,78,1,0
BRDA:1,79,0,0
BRDA:1,79,1,0
BRDA:1,80,0,0
BRDA:1,80,1,0
BRDA:1,81,0,0
BRDA:1,81,1,0
BRDA:1,82,0,0
BRDA:1,82,1,0
BRDA:1,83,0,1
BRDA:1,83,1,1
BRDA:1,84,0,0
BRDA:1,84,1,0
BRDA:1,85,0,0
BRDA:1,85,1,27
BRDA:1,86,0,0
BRDA:1,86,1,0
BRDA:1,87,0,0
BRDA:1,87,1,0
BRDA:1,88,0,0
BRDA:1,88,1,0
BRDA:1,89,0,0
BRDA:1,89,1,0
BRDA:1,90,0,0
BRDA:1,90,1,0
BRDA:1,90,2,0
BRDA:1,91,0,0
BRDA:1,91,1,0
BRDA:1,91,2,0
BRDA:1,92,0,0
BRDA:1,92,1,0
BRDA:1,93,0,0
BRDA:1,93,1,0
BRDA:1,93,2,0
BRDA:1,94,0,0
BRDA:1,94,1,0
BRDA:1,95,0,0
BRDA:1,95,1,0
BRDA:1,96,0,0
BRDA:1,96,1,0
BRDA:1,97,0,0
BRDA:1,97,1,0
BRDA:1,98,0,0
BRDA:1,98,1,0
BRDA:1,99,0,0
BRDA:1,99,1,0
BRDA:1,100,0,0
BRDA:1,100,1,0
BRDA:1,101,0,0
BRDA:1,101,1,0
BRDA:1,102,0,0
BRDA:1,102,1,0
BRDA:1,103,0,0
BRDA:1,103,1,0
BRDA:1,104,0,0
BRDA:1,104,1,0
BRDA:1,105,0,0
BRDA:1,105,1,0
BRDA:1,106,0,0
BRDA:1,106,1,0
BRDA:1,106,2,0
BRDA:1,106,3,0
BRDA:1,106,4,0
BRDA:1,107,0,0
BRDA:1,107,1,0
BRDA:1,108,0,0
BRDA:1,108,1,0
BRDA:1,108,2,0
BRDA:1,109,0,0
BRDA:1,109,1,0
BRDA:1,110,0,0
BRDA:1,110,1,0
BRDA:1,111,0,0
BRDA:1,111,1,0
BRDA:1,112,0,96
BRDA:1,112,1,92
BRDA:1,113,0,9
BRDA:1,113,1,9
BRDA:1,114,0,8
BRDA:1,114,1,8
BRDA:1,115,0,0
BRDA:1,115,1,0
BRDA:1,116,0,0
BRDA:1,116,1,0
BRDA:1,117,0,0
BRDA:1,117,1,0
BRDA:1,118,0,0
BRDA:1,118,1,0
BRDA:1,119,0,0
BRDA:1,119,1,0
BRDA:1,120,0,0
BRDA:1,120,1,0
BRDA:1,121,0,0
BRDA:1,121,1,0
BRDA:1,122,0,0
BRDA:1,122,1,0
BRDA:1,123,0,0
BRDA:1,123,1,0
BRDA:1,124,0,0
BRDA:1,124,1,0
BRDA:1,125,0,0
BRDA:1,125,1,0
BRDA:1,125,2,0
BRDA:1,125,3,0
BRDA:1,126,0,0
BRDA:1,126,1,0
BRDA:1,126,2,0
BRDA:1,127,0,0
BRDA:1,127,1,0
BRDA:1,128,0,1
BRDA:1,128,1,1
BRDA:1,129,0,1
BRDA:1,129,1,1
BRDA:1,130,0,0
BRDA:1,130,1,0
BRDA:1,131,0,0
BRDA:1,131,1,0
BRDA:1,132,0,0
BRDA:1,132,1,0
BRDA:1,133,0,0
BRDA:1,133,1,0
BRDA:1,134,0,0
BRDA:1,134,1,0
BRDA:1,135,0,0
BRDA:1,135,1,0
BRDA:1,136,0,0
BRDA:1,136,1,0
BRDA:1,137,0,0
BRDA:1,137,1,0
BRDA:1,138,0,1
BRDA:1,138,1,0
BRDA:1,139,0,0
BRDA:1,139,1,0
BRDA:1,140,0,0
BRDA:1,140,1,0
BRDA:1,141,0,1242
BRDA:1,141,1,1691
BRDA:1,142,0,1691
BRDA:1,142,1,1314
BRDA:1,143,0,0
BRDA:1,143,1,2933
BRDA:1,144,0,1691
BRDA:1,144,1,1688
BRDA:1,144,2,717
BRDA:1,145,0,714
BRDA:1,145,1,3
BRDA:1,146,0,2031
BRDA:1,146,1,91
BRDA:1,147,0,0
BRDA:1,147,1,1
BRDA:1,148,0,0
BRDA:1,148,1,0
BRDA:1,149,0,1
BRDA:1,149,1,3
BRDA:1,150,0,1
BRDA:1,150,1,1
BRDA:1,151,0,0
BRDA:1,151,1,1
BRDA:1,152,0,1
BRDA:1,152,1,1
BRDA:1,153,0,0
BRDA:1,153,1,0
BRDA:1,154,0,0
BRDA:1,154,1,0
BRDA:1,154,2,0
BRDA:1,155,0,1
BRDA:1,155,1,1
BRDA:1,156,0,0
BRDA:1,156,1,1
BRDA:1,157,0,1
BRDA:1,157,1,0
BRDA:1,158,0,0
BRDA:1,158,1,1
BRDA:1,159,0,1
BRDA:1,159,1,0
BRDA:1,160,0,0
BRDA:1,160,1,0
BRDA:1,161,0,0
BRDA:1,161,1,0
BRDA:1,162,0,0
BRDA:1,162,1,0
BRDA:1,163,0,0
BRDA:1,163,1,0
BRDA:1,163,2,0
BRDA:1,164,0,1
BRDA:1,164,1,1
BRDA:1,165,0,1
BRDA:1,165,1,1
BRDA:1,166,0,0
BRDA:1,166,1,1
BRDA:1,167,0,1
BRDA:1,167,1,0
BRDA:1,168,0,0
BRDA:1,168,1,1
BRDA:1,169,0,0
BRDA:1,169,1,11
BRDA:1,170,0,1
BRDA:1,170,1,1
BRDA:1,171,0,1
BRDA:1,171,1,0
BRDA:1,172,0,1
BRDA:1,172,1,1
BRDA:1,173,0,0
BRDA:1,173,1,1
BRDA:1,174,0,1
BRDA:1,174,1,0
BRDA:1,175,0,0
BRDA:1,175,1,0
BRDA:1,176,0,1
BRDA:1,176,1,1
BRDA:1,176,2,1
BRDA:1,177,0,1
BRDA:1,177,1,0
BRDA:1,178,0,0
BRDA:1,178,1,1
BRDA:1,179,0,1
BRDA:1,179,1,0
BRDA:1,180,0,111
BRDA:1,180,1,3
BRDA:1,181,0,10
BRDA:1,181,1,104
BRDA:1,182,0,6
BRDA:1,182,1,57
BRDA:1,183,0,57
BRDA:1,183,1,6
BRDA:1,184,0,0
BRDA:1,184,1,31
BRDA:1,185,0,0
BRDA:1,185,1,31
BRDA:1,186,0,1
BRDA:1,186,1,1
BRDA:1,187,0,1
BRDA:1,187,1,1
BRDA:1,188,0,0
BRDA:1,188,1,0
BRDA:1,188,2,1
BRDA:1,188,3,0
BRDA:1,189,0,36
BRDA:1,189,1,33
BRDA:1,189,2,33
BRDA:1,190,0,3
BRDA:1,190,1,33
BRDA:1,191,0,19
BRDA:1,191,1,14
BRDA:1,192,0,2
BRDA:1,192,1,12
BRDA:1,193,0,0
BRDA:1,193,1,12
BRDA:1,194,0,0
BRDA:1,194,1,0
BRDA:1,195,0,0
BRDA:1,195,1,0
BRDA:1,196,0,0
BRDA:1,196,1,0
BRDA:1,197,0,0
BRDA:1,197,1,0
BRDA:1,198,0,0
BRDA:1,198,1,0
BRDA:1,199,0,0
BRDA:1,199,1,1
BRDA:1,200,0,0
BRDA:1,200,1,1
BRDA:1,201,0,1
BRDA:1,201,1,1
BRDA:1,201,2,0
BRDA:1,202,0,1
BRDA:1,202,1,1
BRDA:1,202,2,0
BRDA:1,203,0,1
BRDA:1,203,1,1
BRDA:1,204,0,1
BRDA:1,204,1,1
BRF:440
BRH:178
end_of_record
TN:
SF:njbogkpfaepclndolodogkcliflgllkn/lockdown-more.js
FN:24,protectIntrinsics
FN:41,(anonymous)
FN:80,hasAccessor
FNF:3
FNH:3
FNDA:1,protectIntrinsics
FNDA:57,(anonymous)
FNDA:54,hasAccessor
DA:5,1
DA:24,1
DA:25,1
DA:28,1
DA:30,1
DA:34,1
DA:39,1
DA:41,57
DA:42,57
DA:43,57
DA:44,57
DA:45,57
DA:47,57
DA:48,54
DA:52,54
DA:53,0
DA:54,0
DA:55,0
DA:56,54
DA:57,54
DA:58,54
DA:59,54
DA:60,54
DA:61,54
DA:62,54
DA:64,2
DA:65,2
DA:66,2
DA:67,57
DA:68,57
DA:80,54
DA:81,54
DA:82,54
DA:83,1
DA:84,1
DA:85,0
DA:86,0
DA:87,0
DA:88,0
DA:89,0
DA:90,0
DA:91,0
LF:42
LH:32
BRDA:47,0,0,57
BRDA:47,0,1,0
BRDA:48,1,0,54
BRDA:48,1,1,3
BRDA:52,2,0,0
BRDA:52,2,1,54
BRDA:64,3,0,2
BRDA:64,3,1,55
BRDA:81,4,0,1
BRDA:81,4,1,1
BRF:10
BRH:8
end_of_record
TN:
SF:njbogkpfaepclndolodogkcliflgllkn/lockdown-run.js
FNF:0
FNH:0
DA:2,1
DA:4,1
DA:5,1
DA:6,1
DA:7,1
DA:8,1
DA:9,1
DA:10,1
DA:11,1
DA:16,0
DA:17,0
DA:18,0
DA:19,0
DA:20,0
DA:21,0
DA:22,0
LF:16
LH:9
BRF:0
BRH:0
end_of_record
